#
# There is insufficient memory for the Java Runtime Environment to continue.
# Native memory allocation (mmap) failed to map 268435456 bytes for G1 virtual space
# Possible reasons:
#   The system is out of physical RAM or swap space
#   The process is running with CompressedOops enabled, and the Java Heap may be blocking the growth of the native heap
# Possible solutions:
#   Reduce memory load on the system
#   Increase physical memory or swap space
#   Check if swap backing store is full
#   Decrease Java heap size (-Xmx/-Xms)
#   Decrease number of Java threads
#   Decrease Java thread stack sizes (-Xss)
#   Set larger code cache with -XX:ReservedCodeCacheSize=
#   JVM is running with Zero Based Compressed Oops mode in which the Java heap is
#     placed in the first 32GB address space. The Java Heap base address is the
#     maximum limit for the native heap growth. Please use -XX:HeapBaseMinAddress
#     to set the Java Heap base and to place the Java Heap above 32GB virtual address.
# This output file may be truncated or incomplete.
#
#  Out of Memory Error (os_windows.cpp:3600), pid=16604, tid=8872
#
# JRE version:  (21.0.4+8) (build )
# Java VM: Java HotSpot(TM) 64-Bit Server VM (21.0.4+8-LTS-274, mixed mode, sharing, tiered, compressed oops, compressed class ptrs, g1 gc, windows-amd64)
# No core dump will be written. Minidumps are not enabled by default on client versions of Windows
#

---------------  S U M M A R Y ------------

Command Line: --module-path=C:\Users\aletr\Documents\Universidad\Progra\SigeceUNA\Security\target\classes;C:\Users\aletr\.m2\repository\com\github\sarxos\webcam-capture\0.3.12\webcam-capture-0.3.12.jar;C:\Users\aletr\.m2\repository\com\sun\activation\jakarta.activation\2.0.1\jakarta.activation-2.0.1.jar;C:\Users\aletr\.m2\repository\com\zaxxer\SparseBitSet\1.2\SparseBitSet-1.2.jar;C:\Users\aletr\.m2\repository\commons-codec\commons-codec\1.15\commons-codec-1.15.jar;C:\Users\aletr\.m2\repository\commons-io\commons-io\2.11.0\commons-io-2.11.0.jar;C:\Users\aletr\.m2\repository\io\github\palexdev\materialfx\11.16.1\materialfx-11.16.1.jar;C:\Users\aletr\.m2\repository\io\github\palexdev\mfxcore\11.3.0\mfxcore-11.3.0.jar;C:\Users\aletr\.m2\repository\io\github\palexdev\mfxeffects\11.0.5\mfxeffects-11.0.5.jar;C:\Users\aletr\.m2\repository\io\github\palexdev\mfxlocalization\11.1.0\mfxlocalization-11.1.0.jar;C:\Users\aletr\.m2\repository\io\github\palexdev\mfxresources\11.3.2\mfxresources-11.3.2.jar;C:\Users\aletr\.m2\repository\io\github\palexdev\virtualizedfx\11.9.1\virtualizedfx-11.9.1.jar;C:\Users\aletr\.m2\repository\jakarta\json\jakarta.json-api\2.0.0\jakarta.json-api-2.0.0.jar;C:\Users\aletr\.m2\repository\jakarta\json\bind\jakarta.json.bind-api\2.0.0\jakarta.json.bind-api-2.0.0.jar;C:\Users\aletr\.m2\repository\jakarta\ws\rs\jakarta.ws.rs-api\3.0.0\jakarta.ws.rs-api-3.0.0.jar;C:\Users\aletr\.m2\repository\jakarta\xml\bind\jakarta.xml.bind-api\3.0.1\jakarta.xml.bind-api-3.0.1.jar;C:\Users\aletr\.m2\repository\org\apache\commons\commons-collections4\4.4\commons-collections4-4.4.jar;C:\Users\aletr\.m2\repository\org\apache\commons\commons-compress\1.27.1\commons-compress-1.27.1.jar;C:\Users\aletr\.m2\repository\org\apache\commons\commons-lang3\3.16.0\commons-lang3-3.16.0.jar;C:\Users\aletr\.m2\repository\org\apache\commons\commons-math3\3.6.1\commons-math3-3.6.1.jar;C:\Users\aletr\.m2\repository\org\apache\logging\log4j\log4j-api\2.18.0\log4j-api-2.18.0.jar;C:\Users\aletr\.m2\reposi--add-modules=cr.ac.una.security -Djdk.module.main=cr.ac.una.security cr.ac.una.security/cr.ac.una.security.App

Host: AMD Ryzen 5 3600 6-Core Processor              , 12 cores, 15G,  Windows 11 , 64 bit Build 26100 (10.0.26100.1882)
Time: Sun Oct 27 01:20:42 2024 Central America Standard Time elapsed time: 1.288849 seconds (0d 0h 0m 1s)

---------------  T H R E A D  ---------------

Current thread (0x0000018f889e5670):  JavaThread "Unknown thread" [_thread_in_vm, id=8872, stack(0x0000005f04500000,0x0000005f04600000) (1024K)]

Stack: [0x0000005f04500000,0x0000005f04600000]
Native frames: (J=compiled Java code, j=interpreted, Vv=VM code, C=native code)
V  [jvm.dll+0x6c8e59]
V  [jvm.dll+0x853181]
V  [jvm.dll+0x8556ae]
V  [jvm.dll+0x855d83]
V  [jvm.dll+0x27d526]
V  [jvm.dll+0x6c55f5]
V  [jvm.dll+0x6ba17a]
V  [jvm.dll+0x352a8a]
V  [jvm.dll+0x35a6e6]
V  [jvm.dll+0x3acdae]
V  [jvm.dll+0x3ad058]
V  [jvm.dll+0x326dec]
V  [jvm.dll+0x32794b]
V  [jvm.dll+0x81c569]
V  [jvm.dll+0x3b9a11]
V  [jvm.dll+0x805948]
V  [jvm.dll+0x44ec5e]
V  [jvm.dll+0x450851]
C  [jli.dll+0x52a3]
C  [ucrtbase.dll+0x14ea0]
C  [KERNEL32.DLL+0x2dbe7]
C  [ntdll.dll+0x85a4c]


---------------  P R O C E S S  ---------------

Threads class SMR info:
_java_thread_list=0x00007ffd38e26c08, length=0, elements={
}

Java Threads: ( => current thread )
Total: 0

Other Threads:
  0x0000018f88a49ae0 WorkerThread "GC Thread#0"                     [id=12140, stack(0x0000005f04600000,0x0000005f04700000) (1024K)]
  0x0000018f88a5c760 ConcurrentGCThread "G1 Main Marker"            [id=21092, stack(0x0000005f04700000,0x0000005f04800000) (1024K)]
  0x0000018f88a5ed20 WorkerThread "G1 Conc#0"                       [id=19372, stack(0x0000005f04800000,0x0000005f04900000) (1024K)]

[error occurred during error reporting (printing all threads), id 0xc0000005, EXCEPTION_ACCESS_VIOLATION (0xc0000005) at pc=0x00007ffd38599577]
VM state: not at safepoint (not fully initialized)

VM Mutex/Monitor currently owned by a thread:  ([mutex/lock_event])
[0x00007ffd38e97f98] Heap_lock - owner thread: 0x0000018f889e5670

Heap address: 0x0000000701000000, size: 4080 MB, Compressed Oops mode: Zero based, Oop shift amount: 3

CDS archive(s) mapped at: [0x0000000000000000-0x0000000000000000-0x0000000000000000), size 0, SharedBaseAddress: 0x0000000800000000, ArchiveRelocationMode: 1.
Narrow klass base: 0x0000000000000000, Narrow klass shift: 0, Narrow klass range: 0x0

GC Precious Log:
 CardTable entry size: 512
 Card Set container configuration: InlinePtr #cards 4 size 8 Array Of Cards #cards 16 size 48 Howl #buckets 8 coarsen threshold 3686 Howl Bitmap #cards 512 size 80 coarsen threshold 460 Card regions per heap region 1 cards per card region 4096

Heap:
 garbage-first heap   total 0K, used 0K [0x0000000701000000, 0x0000000800000000)
  region size 2048K, 0 young (0K), 0 survivors (0K)

[error occurred during error reporting (printing heap information), id 0xc0000005, EXCEPTION_ACCESS_VIOLATION (0xc0000005) at pc=0x00007ffd38981df9]
GC Heap History (0 events):
No events

Dll operation events (1 events):
Event: 0.007 Loaded shared library C:\Program Files\Java\jdk-21\bin\java.dll

Deoptimization events (0 events):
No events

Classes loaded (0 events):
No events

Classes unloaded (0 events):
No events

Classes redefined (0 events):
No events

Internal exceptions (0 events):
No events

ZGC Phase Switch (0 events):
No events

VM Operations (0 events):
No events

Events (0 events):
No events


Dynamic libraries:
0x00007ff66f6a0000 - 0x00007ff66f6b0000 	C:\Program Files\Java\jdk-21\bin\java.exe
0x00007ffd925c0000 - 0x00007ffd92823000 	C:\Windows\SYSTEM32\ntdll.dll
0x00007ffd916b0000 - 0x00007ffd91777000 	C:\Windows\System32\KERNEL32.DLL
0x00007ffd8fc10000 - 0x00007ffd8ffc0000 	C:\Windows\System32\KERNELBASE.dll
0x00007ffd901c0000 - 0x00007ffd9030b000 	C:\Windows\System32\ucrtbase.dll
0x00007ffd58d50000 - 0x00007ffd58d69000 	C:\Program Files\Java\jdk-21\bin\jli.dll
0x00007ffd8c090000 - 0x00007ffd8c0ab000 	C:\Program Files\Java\jdk-21\bin\VCRUNTIME140.dll
0x00007ffd91590000 - 0x00007ffd91644000 	C:\Windows\System32\ADVAPI32.dll
0x00007ffd904d0000 - 0x00007ffd90579000 	C:\Windows\System32\msvcrt.dll
0x00007ffd90700000 - 0x00007ffd907a6000 	C:\Windows\System32\sechost.dll
0x00007ffd922f0000 - 0x00007ffd92406000 	C:\Windows\System32\RPCRT4.dll
0x00007ffd917e0000 - 0x00007ffd919a3000 	C:\Windows\System32\USER32.dll
0x00007ffd75740000 - 0x00007ffd759d0000 	C:\Windows\WinSxS\amd64_microsoft.windows.common-controls_6595b64144ccf1df_6.0.26100.1882_none_3e0e949ae32eca40\COMCTL32.dll
0x00007ffd8fb40000 - 0x00007ffd8fb67000 	C:\Windows\System32\win32u.dll
0x00007ffd90580000 - 0x00007ffd905aa000 	C:\Windows\System32\GDI32.dll
0x00007ffd90310000 - 0x00007ffd90433000 	C:\Windows\System32\gdi32full.dll
0x00007ffd90050000 - 0x00007ffd900f3000 	C:\Windows\System32\msvcp_win.dll
0x00007ffd89180000 - 0x00007ffd8918b000 	C:\Windows\SYSTEM32\VERSION.dll
0x00007ffd91650000 - 0x00007ffd9167f000 	C:\Windows\System32\IMM32.DLL
0x00007ffd739b0000 - 0x00007ffd739bc000 	C:\Program Files\Java\jdk-21\bin\vcruntime140_1.dll
0x00007ffd5bf80000 - 0x00007ffd5c00e000 	C:\Program Files\Java\jdk-21\bin\msvcp140.dll
0x00007ffd38260000 - 0x00007ffd38f73000 	C:\Program Files\Java\jdk-21\bin\server\jvm.dll
0x00007ffd907e0000 - 0x00007ffd90854000 	C:\Windows\System32\WS2_32.dll
0x00007ffd8f220000 - 0x00007ffd8f26e000 	C:\Windows\SYSTEM32\POWRPROF.dll
0x00007ffd80e80000 - 0x00007ffd80eb6000 	C:\Windows\SYSTEM32\WINMM.dll
0x00007ffd8f200000 - 0x00007ffd8f214000 	C:\Windows\SYSTEM32\UMPDC.dll
0x00007ffd8e7e0000 - 0x00007ffd8e7fa000 	C:\Windows\SYSTEM32\kernel.appcore.dll
0x00007ffd731a0000 - 0x00007ffd731aa000 	C:\Program Files\Java\jdk-21\bin\jimage.dll
0x00007ffd7c250000 - 0x00007ffd7c491000 	C:\Windows\SYSTEM32\DBGHELP.DLL
0x00007ffd90a60000 - 0x00007ffd90ddc000 	C:\Windows\System32\combase.dll
0x00007ffd905c0000 - 0x00007ffd90696000 	C:\Windows\System32\OLEAUT32.dll
0x00007ffd6a6d0000 - 0x00007ffd6a709000 	C:\Windows\SYSTEM32\dbgcore.DLL
0x00007ffd8fb70000 - 0x00007ffd8fc09000 	C:\Windows\System32\bcryptPrimitives.dll
0x00007ffd65900000 - 0x00007ffd6591f000 	C:\Program Files\Java\jdk-21\bin\java.dll

dbghelp: loaded successfully - version: 4.0.5 - missing functions: none
symbol engine: initialized successfully - sym options: 0x614 - pdb path: .;C:\Program Files\Java\jdk-21\bin;C:\Windows\SYSTEM32;C:\Windows\WinSxS\amd64_microsoft.windows.common-controls_6595b64144ccf1df_6.0.26100.1882_none_3e0e949ae32eca40;C:\Program Files\Java\jdk-21\bin\server

VM Arguments:
jvm_args: --module-path=C:\Users\aletr\Documents\Universidad\Progra\SigeceUNA\Security\target\classes;C:\Users\aletr\.m2\repository\com\github\sarxos\webcam-capture\0.3.12\webcam-capture-0.3.12.jar;C:\Users\aletr\.m2\repository\com\sun\activation\jakarta.activation\2.0.1\jakarta.activation-2.0.1.jar;C:\Users\aletr\.m2\repository\com\zaxxer\SparseBitSet\1.2\SparseBitSet-1.2.jar;C:\Users\aletr\.m2\repository\commons-codec\commons-codec\1.15\commons-codec-1.15.jar;C:\Users\aletr\.m2\repository\commons-io\commons-io\2.11.0\commons-io-2.11.0.jar;C:\Users\aletr\.m2\repository\io\github\palexdev\materialfx\11.16.1\materialfx-11.16.1.jar;C:\Users\aletr\.m2\repository\io\github\palexdev\mfxcore\11.3.0\mfxcore-11.3.0.jar;C:\Users\aletr\.m2\repository\io\github\palexdev\mfxeffects\11.0.5\mfxeffects-11.0.5.jar;C:\Users\aletr\.m2\repository\io\github\palexdev\mfxlocalization\11.1.0\mfxlocalization-11.1.0.jar;C:\Users\aletr\.m2\repository\io\github\palexdev\mfxresources\11.3.2\mfxresources-11.3.2.jar;C:\Users\aletr\.m2\repository\io\github\palexdev\virtualizedfx\11.9.1\virtualizedfx-11.9.1.jar;C:\Users\aletr\.m2\repository\jakarta\json\jakarta.json-api\2.0.0\jakarta.json-api-2.0.0.jar;C:\Users\aletr\.m2\repository\jakarta\json\bind\jakarta.json.bind-api\2.0.0\jakarta.json.bind-api-2.0.0.jar;C:\Users\aletr\.m2\repository\jakarta\ws\rs\jakarta.ws.rs-api\3.0.0\jakarta.ws.rs-api-3.0.0.jar;C:\Users\aletr\.m2\repository\jakarta\xml\bind\jakarta.xml.bind-api\3.0.1\jakarta.xml.bind-api-3.0.1.jar;C:\Users\aletr\.m2\repository\org\apache\commons\commons-collections4\4.4\commons-collections4-4.4.jar;C:\Users\aletr\.m2\repository\org\apache\commons\commons-compress\1.27.1\commons-compress-1.27.1.jar;C:\Users\aletr\.m2\repository\org\apache\commons\commons-lang3\3.16.0\commons-lang3-3.16.0.jar;C:\Users\aletr\.m2\repository\org\apache\commons\commons-math3\3.6.1\commons-math3-3.6.1.jar;C:\Users\aletr\.m2\repository\org\apache\logging\log4j\log4j-api\2.18.0\log4j-api-2.18.0.jar;C:\Users\aletr\.m2\reposi--add-modules=cr.ac.una.security -Djdk.module.main=cr.ac.una.security 
java_command: cr.ac.una.security/cr.ac.una.security.App
java_class_path (initial): C:\Users\aletr\Documents\Universidad\Progra\SigeceUNA\Security\target\classes;C:\Users\aletr\.m2\repository\com\github\virtuald\curvesapi\1.07\curvesapi-1.07.jar;C:\Users\aletr\.m2\repository\com\nativelibs4java\bridj\0.7.0\bridj-0.7.0.jar;C:\Users\aletr\.m2\repository\com\sun\mail\jakarta.mail\2.0.1\jakarta.mail-2.0.1.jar;C:\Users\aletr\.m2\repository\jakarta\annotation\jakarta.annotation-api\2.0.0\jakarta.annotation-api-2.0.0.jar;C:\Users\aletr\.m2\repository\jakarta\inject\jakarta.inject-api\2.0.0\jakarta.inject-api-2.0.0.jar;C:\Users\aletr\.m2\repository\org\apache\poi\poi-scratchpad\5.2.3\poi-scratchpad-5.2.3.jar;C:\Users\aletr\.m2\repository\org\eclipse\yasson\2.0.2\yasson-2.0.2.jar;C:\Users\aletr\.m2\repository\org\glassfish\jakarta.json\2.0.0\jakarta.json-2.0.0-module.jar;C:\Users\aletr\.m2\repository\org\glassfish\hk2\hk2-api\3.0.1\hk2-api-3.0.1.jar;C:\Users\aletr\.m2\repository\org\glassfish\hk2\hk2-locator\3.0.1\hk2-locator-3.0.1.jar;C:\Users\aletr\.m2\repository\org\glassfish\hk2\hk2-utils\3.0.1\hk2-utils-3.0.1.jar;C:\Users\aletr\.m2\repository\org\glassfish\hk2\osgi-resource-locator\1.0.3\osgi-resource-locator-1.0.3.jar;C:\Users\aletr\.m2\repository\org\glassfish\hk2\external\aopalliance-repackaged\3.0.1\aopalliance-repackaged-3.0.1.jar;C:\Users\aletr\.m2\repository\org\glassfish\jersey\core\jersey-client\3.0.2\jersey-client-3.0.2.jar;C:\Users\aletr\.m2\repository\org\glassfish\jersey\inject\jersey-hk2\3.0.2\jersey-hk2-3.0.2.jar;C:\Users\aletr\.m2\repository\org\glassfish\jersey\media\jersey-media-json-binding\3.0.2\jersey-media-json-binding-3.0.2.jar;C:\Users\aletr\.m2\repository\org\glassfish\jersey\media\jersey-media-multipart\3.0.2\jersey-media-multipart-3.0.2.jar;C:\Users\aletr\.m2\repository\org\jvnet\mimepull\mimepull\1.9.13\mimepull-1.9.13.jar;C:\Users\aletr\.m2\repository\org\openjfx\javafx-base\23-ea+3\javafx-base-23-ea+3.jar;C:\Users\aletr\.m2\repository\org\openjfx\javafx-controls\21.0.2\javafx-controls-21.0.2.jar;C:\Users\aletr\.m2\repository\org\openjfx\javafx-fxml\21.0.2\javafx-fxml-21.0.2.jar;C:\Users\aletr\.m2\repository\org\openjfx\javafx-graphics\23-ea+3\javafx-graphics-23-ea+3.jar;C:\Users\aletr\.m2\repository\org\openjfx\javafx-media\24-ea+5\javafx-media-24-ea+5.jar;C:\Users\aletr\.m2\repository\org\openjfx\javafx-swing\23-ea+3\javafx-swing-23-ea+3.jar;C:\Users\aletr\.m2\repository\org\openjfx\javafx-web\21\javafx-web-21.jar;C:\Users\aletr\.m2\repository\org\slf4j\slf4j-api\1.7.2\slf4j-api-1.7.2.jar
Launcher Type: SUN_STANDARD

[Global flags]
     intx CICompilerCount                          = 4                                         {product} {ergonomic}
     uint ConcGCThreads                            = 3                                         {product} {ergonomic}
     uint G1ConcRefinementThreads                  = 10                                        {product} {ergonomic}
   size_t G1HeapRegionSize                         = 2097152                                   {product} {ergonomic}
    uintx GCDrainStackTargetSize                   = 64                                        {product} {ergonomic}
   size_t InitialHeapSize                          = 268435456                                 {product} {ergonomic}
   size_t MarkStackSize                            = 4194304                                   {product} {ergonomic}
   size_t MaxHeapSize                              = 4278190080                                {product} {ergonomic}
   size_t MinHeapDeltaBytes                        = 2097152                                   {product} {ergonomic}
   size_t MinHeapSize                              = 8388608                                   {product} {ergonomic}
    uintx NonNMethodCodeHeapSize                   = 5839372                                {pd product} {ergonomic}
    uintx NonProfiledCodeHeapSize                  = 122909434                              {pd product} {ergonomic}
    uintx ProfiledCodeHeapSize                     = 122909434                              {pd product} {ergonomic}
    uintx ReservedCodeCacheSize                    = 251658240                              {pd product} {ergonomic}
     bool SegmentedCodeCache                       = true                                      {product} {ergonomic}
   size_t SoftMaxHeapSize                          = 4278190080                             {manageable} {ergonomic}
     bool UseCompressedOops                        = true                           {product lp64_product} {ergonomic}
     bool UseG1GC                                  = true                                      {product} {ergonomic}
     bool UseLargePagesIndividualAllocation        = false                                  {pd product} {ergonomic}

Logging:
Log output configuration:
 #0: stdout all=warning uptime,level,tags foldmultilines=false
 #1: stderr all=off uptime,level,tags foldmultilines=false

Environment Variables:
PATH=C:\Users\aletr\bin;C:\Program Files\Git\mingw64\bin;C:\Program Files\Git\usr\local\bin;C:\Program Files\Git\usr\bin;C:\Program Files\Git\usr\bin;C:\Program Files\Git\mingw64\bin;C:\Program Files\Git\usr\bin;C:\Users\aletr\bin;C:\Program Files\Python313\Scripts;C:\Program Files\Python313;C:\Program Files\Common Files\Oracle\Java\javapath;C:\Windows\system32;C:\Windows;C:\Windows\System32\Wbem;C:\Windows\System32\WindowsPowerShell\v1.0;C:\Windows\System32\OpenSSH;C:\Program Files\Git\cmd;C:\Program Files\Docker\Docker\resources\bin;C:\Users\aletr\Documents\Resources\apache-maven-3.9.9-bin\apache-maven-3.9.9\bin;C:\msys64\ucrt64\bin;C:\Strawberry\c\bin;C:\Strawberry\perl\site\bin;C:\Strawberry\perl\bin;C:\Users\aletr\AppData\Local\Programs\Python\Launcher;C:\Users\aletr\AppData\Local\Microsoft\WindowsApps;C:\Users\aletr\AppData\Local\Programs\Microsoft VS Code\bin;C:\Users\aletr\AppData\Local\Programs\MiKTeX\miktex\bin\x64;C:\Program Files\Git\usr\bin\vendor_perl;C:\Program Files\Git\usr\bin\core_perl
USERNAME=aletr
SHELL=C:\Program Files\Git\usr\bin\bash.exe
DISPLAY=needs-to-be-defined
LANG=en_US.UTF-8
TERM=xterm-256color
TMPDIR=C:\Users\aletr\AppData\Local\Temp
OS=Windows_NT
PROCESSOR_IDENTIFIER=AMD64 Family 23 Model 113 Stepping 0, AuthenticAMD
TMP=C:\Users\aletr\AppData\Local\Temp
TEMP=C:\Users\aletr\AppData\Local\Temp




Periodic native trim disabled

---------------  S Y S T E M  ---------------

OS:
 Windows 11 , 64 bit Build 26100 (10.0.26100.1882)
OS uptime: 2 days 3:07 hours
Hyper-V role detected

CPU: total 12 (initial active 12) (12 cores per cpu, 2 threads per core) family 23 model 113 stepping 0 microcode 0x8701013, cx8, cmov, fxsr, ht, mmx, 3dnowpref, sse, sse2, sse3, ssse3, sse4a, sse4.1, sse4.2, popcnt, lzcnt, tsc, tscinvbit, avx, avx2, aes, clmul, bmi1, bmi2, adx, sha, fma, vzeroupper, clflush, clflushopt, hv, rdtscp, rdpid, f16c
Processor Information for all 12 processors :
  Max Mhz: 3600, Current Mhz: 3600, Mhz Limit: 3600

Memory: 4k page, system-wide physical 16313M (1255M free)
TotalPageFile size 31385M (AvailPageFile size 237M)
current process WorkingSet (physical memory assigned to process): 12M, peak: 12M
current process commit charge ("private bytes"): 64M, peak: 320M

vm_info: Java HotSpot(TM) 64-Bit Server VM (21.0.4+8-LTS-274) for windows-amd64 JRE (21.0.4+8-LTS-274), built on 2024-06-05T05:23:33Z by "mach5one" with MS VC++ 17.6 (VS2022)

END.
