#
# There is insufficient memory for the Java Runtime Environment to continue.
# Native memory allocation (malloc) failed to allocate 1365776 bytes for Chunk::new
# Possible reasons:
#   The system is out of physical RAM or swap space
#   The process is running with CompressedOops enabled, and the Java Heap may be blocking the growth of the native heap
# Possible solutions:
#   Reduce memory load on the system
#   Increase physical memory or swap space
#   Check if swap backing store is full
#   Decrease Java heap size (-Xmx/-Xms)
#   Decrease number of Java threads
#   Decrease Java thread stack sizes (-Xss)
#   Set larger code cache with -XX:ReservedCodeCacheSize=
#   JVM is running with Zero Based Compressed Oops mode in which the Java heap is
#     placed in the first 32GB address space. The Java Heap base address is the
#     maximum limit for the native heap growth. Please use -XX:HeapBaseMinAddress
#     to set the Java Heap base and to place the Java Heap above 32GB virtual address.
# This output file may be truncated or incomplete.
#
#  Out of Memory Error (arena.cpp:168), pid=14724, tid=16228
#
# JRE version: Java(TM) SE Runtime Environment (21.0.4+8) (build 21.0.4+8-LTS-274)
# Java VM: Java HotSpot(TM) 64-Bit Server VM (21.0.4+8-LTS-274, mixed mode, sharing, tiered, compressed oops, compressed class ptrs, g1 gc, windows-amd64)
# No core dump will be written. Minidumps are not enabled by default on client versions of Windows
#

---------------  S U M M A R Y ------------

Command Line: --module-path=C:\Users\aletr\Documents\Universidad\Progra\SigeceUNA\Security\target\classes;C:\Users\aletr\.m2\repository\com\github\sarxos\webcam-capture\0.3.12\webcam-capture-0.3.12.jar;C:\Users\aletr\.m2\repository\com\sun\activation\jakarta.activation\2.0.1\jakarta.activation-2.0.1.jar;C:\Users\aletr\.m2\repository\com\zaxxer\SparseBitSet\1.2\SparseBitSet-1.2.jar;C:\Users\aletr\.m2\repository\commons-codec\commons-codec\1.15\commons-codec-1.15.jar;C:\Users\aletr\.m2\repository\commons-io\commons-io\2.11.0\commons-io-2.11.0.jar;C:\Users\aletr\.m2\repository\io\github\palexdev\materialfx\11.16.1\materialfx-11.16.1.jar;C:\Users\aletr\.m2\repository\io\github\palexdev\mfxcore\11.3.0\mfxcore-11.3.0.jar;C:\Users\aletr\.m2\repository\io\github\palexdev\mfxeffects\11.0.5\mfxeffects-11.0.5.jar;C:\Users\aletr\.m2\repository\io\github\palexdev\mfxlocalization\11.1.0\mfxlocalization-11.1.0.jar;C:\Users\aletr\.m2\repository\io\github\palexdev\mfxresources\11.3.2\mfxresources-11.3.2.jar;C:\Users\aletr\.m2\repository\io\github\palexdev\virtualizedfx\11.9.1\virtualizedfx-11.9.1.jar;C:\Users\aletr\.m2\repository\jakarta\json\jakarta.json-api\2.0.0\jakarta.json-api-2.0.0.jar;C:\Users\aletr\.m2\repository\jakarta\json\bind\jakarta.json.bind-api\2.0.0\jakarta.json.bind-api-2.0.0.jar;C:\Users\aletr\.m2\repository\jakarta\ws\rs\jakarta.ws.rs-api\3.0.0\jakarta.ws.rs-api-3.0.0.jar;C:\Users\aletr\.m2\repository\jakarta\xml\bind\jakarta.xml.bind-api\3.0.1\jakarta.xml.bind-api-3.0.1.jar;C:\Users\aletr\.m2\repository\org\apache\commons\commons-collections4\4.4\commons-collections4-4.4.jar;C:\Users\aletr\.m2\repository\org\apache\commons\commons-compress\1.27.1\commons-compress-1.27.1.jar;C:\Users\aletr\.m2\repository\org\apache\commons\commons-lang3\3.16.0\commons-lang3-3.16.0.jar;C:\Users\aletr\.m2\repository\org\apache\commons\commons-math3\3.6.1\commons-math3-3.6.1.jar;C:\Users\aletr\.m2\repository\org\apache\logging\log4j\log4j-api\2.18.0\log4j-api-2.18.0.jar;C:\Users\aletr\.m2\reposi--add-modules=cr.ac.una.security -Djdk.module.main=cr.ac.una.security cr.ac.una.security/cr.ac.una.security.App

Host: AMD Ryzen 5 3600 6-Core Processor              , 12 cores, 15G,  Windows 11 , 64 bit Build 26100 (10.0.26100.1882)
Time: Sun Oct 27 01:21:32 2024 Central America Standard Time elapsed time: 7.896469 seconds (0d 0h 0m 7s)

---------------  T H R E A D  ---------------

Current thread (0x000002206e021a70):  JavaThread "C2 CompilerThread0" daemon [_thread_in_native, id=16228, stack(0x000000c2f7700000,0x000000c2f7800000) (1024K)]


Current CompileTask:
C2:   7896 2399   !   4       javafx.css.CssLexer::getToken (1356 bytes)

Stack: [0x000000c2f7700000,0x000000c2f7800000]
Native frames: (J=compiled Java code, j=interpreted, Vv=VM code, C=native code)
V  [jvm.dll+0x6c8e59]
V  [jvm.dll+0x853181]
V  [jvm.dll+0x8556ae]
V  [jvm.dll+0x855d83]
V  [jvm.dll+0x27d526]
V  [jvm.dll+0xc4aad]
V  [jvm.dll+0xc4fe3]
V  [jvm.dll+0x3b3fd2]
V  [jvm.dll+0x3809a5]
V  [jvm.dll+0x37fe1a]
V  [jvm.dll+0x246280]
V  [jvm.dll+0x24585f]
V  [jvm.dll+0x1c69de]
V  [jvm.dll+0x254d49]
V  [jvm.dll+0x2532da]
V  [jvm.dll+0x3ed426]
V  [jvm.dll+0x7fd65b]
V  [jvm.dll+0x6c753d]
C  [ucrtbase.dll+0x14ea0]
C  [KERNEL32.DLL+0x2dbe7]
C  [ntdll.dll+0x85a4c]


---------------  P R O C E S S  ---------------

Threads class SMR info:
_java_thread_list=0x000002206f2af270, length=17, elements={
0x0000022048561cb0, 0x000002206e00f2e0, 0x000002206e015e60, 0x000002206e018b30,
0x000002206e01a6d0, 0x000002206e01b260, 0x000002206e01d3e0, 0x000002206e021a70,
0x000002206e022510, 0x00000220695edcc0, 0x000002206eb9c550, 0x000002206ec4b2a0,
0x000002206edc35c0, 0x000002206ede6720, 0x000002206f1f2900, 0x000002206f203310,
0x000002206f87e250
}

Java Threads: ( => current thread )
  0x0000022048561cb0 JavaThread "main"                              [_thread_blocked, id=8656, stack(0x000000c2f6900000,0x000000c2f6a00000) (1024K)]
  0x000002206e00f2e0 JavaThread "Reference Handler"          daemon [_thread_blocked, id=16960, stack(0x000000c2f7100000,0x000000c2f7200000) (1024K)]
  0x000002206e015e60 JavaThread "Finalizer"                  daemon [_thread_blocked, id=11620, stack(0x000000c2f7200000,0x000000c2f7300000) (1024K)]
  0x000002206e018b30 JavaThread "Signal Dispatcher"          daemon [_thread_blocked, id=19808, stack(0x000000c2f7300000,0x000000c2f7400000) (1024K)]
  0x000002206e01a6d0 JavaThread "Attach Listener"            daemon [_thread_blocked, id=22244, stack(0x000000c2f7400000,0x000000c2f7500000) (1024K)]
  0x000002206e01b260 JavaThread "Service Thread"             daemon [_thread_blocked, id=6036, stack(0x000000c2f7500000,0x000000c2f7600000) (1024K)]
  0x000002206e01d3e0 JavaThread "Monitor Deflation Thread"   daemon [_thread_blocked, id=2476, stack(0x000000c2f7600000,0x000000c2f7700000) (1024K)]
=>0x000002206e021a70 JavaThread "C2 CompilerThread0"         daemon [_thread_in_native, id=16228, stack(0x000000c2f7700000,0x000000c2f7800000) (1024K)]
  0x000002206e022510 JavaThread "C1 CompilerThread0"         daemon [_thread_blocked, id=8524, stack(0x000000c2f7800000,0x000000c2f7900000) (1024K)]
  0x00000220695edcc0 JavaThread "Common-Cleaner"             daemon [_thread_blocked, id=16112, stack(0x000000c2f7900000,0x000000c2f7a00000) (1024K)]
  0x000002206eb9c550 JavaThread "Notification Thread"        daemon [_thread_blocked, id=356, stack(0x000000c2f8100000,0x000000c2f8200000) (1024K)]
  0x000002206ec4b2a0 JavaThread "QuantumRenderer-0"          daemon [_thread_blocked, id=18972, stack(0x000000c2f8200000,0x000000c2f8300000) (1024K)]
  0x000002206edc35c0 JavaThread "InvokeLaterDispatcher"      daemon [_thread_blocked, id=10528, stack(0x000000c2f7a00000,0x000000c2f7b00000) (1024K)]
  0x000002206ede6720 JavaThread "JavaFX Application Thread"         [_thread_in_native, id=10060, stack(0x000000c2f7b00000,0x000000c2f7c00000) (1024K)]
  0x000002206f1f2900 JavaThread "JavaFX-Launcher"                   [_thread_blocked, id=14988, stack(0x000000c2f8600000,0x000000c2f8700000) (1024K)]
  0x000002206f203310 JavaThread "Thread-2"                   daemon [_thread_in_native, id=6708, stack(0x000000c2f8500000,0x000000c2f8600000) (1024K)]
  0x000002206f87e250 JavaThread "Prism Font Disposer"        daemon [_thread_blocked, id=18208, stack(0x000000c2f8b00000,0x000000c2f8c00000) (1024K)]
Total: 17

Other Threads:
  0x0000022069612c00 VMThread "VM Thread"                           [id=21600, stack(0x000000c2f7000000,0x000000c2f7100000) (1024K)]
  0x00000220695ec7e0 WatcherThread "VM Periodic Task Thread"        [id=14228, stack(0x000000c2f6f00000,0x000000c2f7000000) (1024K)]
  0x0000022049fcf570 WorkerThread "GC Thread#0"                     [id=11600, stack(0x000000c2f6a00000,0x000000c2f6b00000) (1024K)]
  0x000002206e765930 WorkerThread "GC Thread#1"                     [id=8280, stack(0x000000c2f7c00000,0x000000c2f7d00000) (1024K)]
  0x000002206e765cd0 WorkerThread "GC Thread#2"                     [id=15720, stack(0x000000c2f7d00000,0x000000c2f7e00000) (1024K)]
  0x000002206e766070 WorkerThread "GC Thread#3"                     [id=17228, stack(0x000000c2f7e00000,0x000000c2f7f00000) (1024K)]
  0x000002206e766410 WorkerThread "GC Thread#4"                     [id=13668, stack(0x000000c2f7f00000,0x000000c2f8000000) (1024K)]
  0x000002206e532350 WorkerThread "GC Thread#5"                     [id=18364, stack(0x000000c2f8000000,0x000000c2f8100000) (1024K)]
  0x000002206f5702f0 WorkerThread "GC Thread#6"                     [id=22480, stack(0x000000c2f8900000,0x000000c2f8a00000) (1024K)]
  0x000002206f570690 WorkerThread "GC Thread#7"                     [id=12172, stack(0x000000c2f8a00000,0x000000c2f8b00000) (1024K)]
  0x0000022049fe22e0 ConcurrentGCThread "G1 Main Marker"            [id=16880, stack(0x000000c2f6b00000,0x000000c2f6c00000) (1024K)]
  0x0000022049fe4990 WorkerThread "G1 Conc#0"                       [id=8288, stack(0x000000c2f6c00000,0x000000c2f6d00000) (1024K)]
  0x000002204a01e220 ConcurrentGCThread "G1 Refine#0"               [id=17536, stack(0x000000c2f6d00000,0x000000c2f6e00000) (1024K)]
  0x00000220694ac900 ConcurrentGCThread "G1 Service"                [id=10576, stack(0x000000c2f6e00000,0x000000c2f6f00000) (1024K)]
Total: 14

Threads with active compile tasks:
C2 CompilerThread0     7918 2399   !   4       javafx.css.CssLexer::getToken (1356 bytes)
C1 CompilerThread0     7918 2423  s    3       java.io.FileDescriptor::close (9 bytes)
Total: 2

VM state: not at safepoint (normal execution)

VM Mutex/Monitor currently owned by a thread: None

Heap address: 0x0000000701000000, size: 4080 MB, Compressed Oops mode: Zero based, Oop shift amount: 3

CDS archive(s) mapped at: [0x0000022000000000-0x0000022000c90000-0x0000022000c90000), size 13172736, SharedBaseAddress: 0x0000022000000000, ArchiveRelocationMode: 1.
Compressed class space mapped at: 0x0000022001000000-0x0000022041000000, reserved size: 1073741824
Narrow klass base: 0x0000022000000000, Narrow klass shift: 0, Narrow klass range: 0x100000000

GC Precious Log:
 CardTable entry size: 512
 Card Set container configuration: InlinePtr #cards 4 size 8 Array Of Cards #cards 16 size 48 Howl #buckets 8 coarsen threshold 3686 Howl Bitmap #cards 512 size 80 coarsen threshold 460 Card regions per heap region 1 cards per card region 4096
 CPUs: 12 total, 12 available
 Memory: 16313M
 Large Page Support: Disabled
 NUMA Support: Disabled
 Compressed Oops: Enabled (Zero based)
 Heap Region Size: 2M
 Heap Min Capacity: 8M
 Heap Initial Capacity: 256M
 Heap Max Capacity: 4080M
 Pre-touch: Disabled
 Parallel Workers: 10
 Concurrent Workers: 3
 Concurrent Refinement Workers: 10
 Periodic GC: Disabled

Heap:
 garbage-first heap   total 262144K, used 44699K [0x0000000701000000, 0x0000000800000000)
  region size 2048K, 23 young (47104K), 3 survivors (6144K)
 Metaspace       used 14551K, committed 14912K, reserved 1114112K
  class space    used 2163K, committed 2368K, reserved 1048576K

Heap Regions: E=young(eden), S=young(survivor), O=old, HS=humongous(starts), HC=humongous(continues), CS=collection set, F=free, TAMS=top-at-mark-start, PB=parsable bottom
|   0|0x0000000701000000, 0x00000007011a6d48, 0x0000000701200000| 82%| O|  |TAMS 0x0000000701000000| PB 0x0000000701000000| Untracked 
|   1|0x0000000701200000, 0x0000000701200000, 0x0000000701400000|  0%| F|  |TAMS 0x0000000701200000| PB 0x0000000701200000| Untracked 
|   2|0x0000000701400000, 0x0000000701400000, 0x0000000701600000|  0%| F|  |TAMS 0x0000000701400000| PB 0x0000000701400000| Untracked 
|   3|0x0000000701600000, 0x0000000701600000, 0x0000000701800000|  0%| F|  |TAMS 0x0000000701600000| PB 0x0000000701600000| Untracked 
|   4|0x0000000701800000, 0x0000000701800000, 0x0000000701a00000|  0%| F|  |TAMS 0x0000000701800000| PB 0x0000000701800000| Untracked 
|   5|0x0000000701a00000, 0x0000000701a00000, 0x0000000701c00000|  0%| F|  |TAMS 0x0000000701a00000| PB 0x0000000701a00000| Untracked 
|   6|0x0000000701c00000, 0x0000000701c00000, 0x0000000701e00000|  0%| F|  |TAMS 0x0000000701c00000| PB 0x0000000701c00000| Untracked 
|   7|0x0000000701e00000, 0x0000000701e00000, 0x0000000702000000|  0%| F|  |TAMS 0x0000000701e00000| PB 0x0000000701e00000| Untracked 
|   8|0x0000000702000000, 0x0000000702000000, 0x0000000702200000|  0%| F|  |TAMS 0x0000000702000000| PB 0x0000000702000000| Untracked 
|   9|0x0000000702200000, 0x0000000702200000, 0x0000000702400000|  0%| F|  |TAMS 0x0000000702200000| PB 0x0000000702200000| Untracked 
|  10|0x0000000702400000, 0x0000000702400000, 0x0000000702600000|  0%| F|  |TAMS 0x0000000702400000| PB 0x0000000702400000| Untracked 
|  11|0x0000000702600000, 0x0000000702600000, 0x0000000702800000|  0%| F|  |TAMS 0x0000000702600000| PB 0x0000000702600000| Untracked 
|  12|0x0000000702800000, 0x0000000702800000, 0x0000000702a00000|  0%| F|  |TAMS 0x0000000702800000| PB 0x0000000702800000| Untracked 
|  13|0x0000000702a00000, 0x0000000702a00000, 0x0000000702c00000|  0%| F|  |TAMS 0x0000000702a00000| PB 0x0000000702a00000| Untracked 
|  14|0x0000000702c00000, 0x0000000702c00000, 0x0000000702e00000|  0%| F|  |TAMS 0x0000000702c00000| PB 0x0000000702c00000| Untracked 
|  15|0x0000000702e00000, 0x0000000702e00000, 0x0000000703000000|  0%| F|  |TAMS 0x0000000702e00000| PB 0x0000000702e00000| Untracked 
|  16|0x0000000703000000, 0x0000000703000000, 0x0000000703200000|  0%| F|  |TAMS 0x0000000703000000| PB 0x0000000703000000| Untracked 
|  17|0x0000000703200000, 0x0000000703200000, 0x0000000703400000|  0%| F|  |TAMS 0x0000000703200000| PB 0x0000000703200000| Untracked 
|  18|0x0000000703400000, 0x0000000703400000, 0x0000000703600000|  0%| F|  |TAMS 0x0000000703400000| PB 0x0000000703400000| Untracked 
|  19|0x0000000703600000, 0x0000000703600000, 0x0000000703800000|  0%| F|  |TAMS 0x0000000703600000| PB 0x0000000703600000| Untracked 
|  20|0x0000000703800000, 0x0000000703800000, 0x0000000703a00000|  0%| F|  |TAMS 0x0000000703800000| PB 0x0000000703800000| Untracked 
|  21|0x0000000703a00000, 0x0000000703a00000, 0x0000000703c00000|  0%| F|  |TAMS 0x0000000703a00000| PB 0x0000000703a00000| Untracked 
|  22|0x0000000703c00000, 0x0000000703c00000, 0x0000000703e00000|  0%| F|  |TAMS 0x0000000703c00000| PB 0x0000000703c00000| Untracked 
|  23|0x0000000703e00000, 0x0000000703e00000, 0x0000000704000000|  0%| F|  |TAMS 0x0000000703e00000| PB 0x0000000703e00000| Untracked 
|  24|0x0000000704000000, 0x0000000704000000, 0x0000000704200000|  0%| F|  |TAMS 0x0000000704000000| PB 0x0000000704000000| Untracked 
|  25|0x0000000704200000, 0x0000000704200000, 0x0000000704400000|  0%| F|  |TAMS 0x0000000704200000| PB 0x0000000704200000| Untracked 
|  26|0x0000000704400000, 0x0000000704400000, 0x0000000704600000|  0%| F|  |TAMS 0x0000000704400000| PB 0x0000000704400000| Untracked 
|  27|0x0000000704600000, 0x0000000704600000, 0x0000000704800000|  0%| F|  |TAMS 0x0000000704600000| PB 0x0000000704600000| Untracked 
|  28|0x0000000704800000, 0x0000000704800000, 0x0000000704a00000|  0%| F|  |TAMS 0x0000000704800000| PB 0x0000000704800000| Untracked 
|  29|0x0000000704a00000, 0x0000000704a00000, 0x0000000704c00000|  0%| F|  |TAMS 0x0000000704a00000| PB 0x0000000704a00000| Untracked 
|  30|0x0000000704c00000, 0x0000000704c00000, 0x0000000704e00000|  0%| F|  |TAMS 0x0000000704c00000| PB 0x0000000704c00000| Untracked 
|  31|0x0000000704e00000, 0x0000000704e00000, 0x0000000705000000|  0%| F|  |TAMS 0x0000000704e00000| PB 0x0000000704e00000| Untracked 
|  32|0x0000000705000000, 0x0000000705000000, 0x0000000705200000|  0%| F|  |TAMS 0x0000000705000000| PB 0x0000000705000000| Untracked 
|  33|0x0000000705200000, 0x0000000705200000, 0x0000000705400000|  0%| F|  |TAMS 0x0000000705200000| PB 0x0000000705200000| Untracked 
|  34|0x0000000705400000, 0x0000000705400000, 0x0000000705600000|  0%| F|  |TAMS 0x0000000705400000| PB 0x0000000705400000| Untracked 
|  35|0x0000000705600000, 0x0000000705600000, 0x0000000705800000|  0%| F|  |TAMS 0x0000000705600000| PB 0x0000000705600000| Untracked 
|  36|0x0000000705800000, 0x0000000705800000, 0x0000000705a00000|  0%| F|  |TAMS 0x0000000705800000| PB 0x0000000705800000| Untracked 
|  37|0x0000000705a00000, 0x0000000705a00000, 0x0000000705c00000|  0%| F|  |TAMS 0x0000000705a00000| PB 0x0000000705a00000| Untracked 
|  38|0x0000000705c00000, 0x0000000705c00000, 0x0000000705e00000|  0%| F|  |TAMS 0x0000000705c00000| PB 0x0000000705c00000| Untracked 
|  39|0x0000000705e00000, 0x0000000705e00000, 0x0000000706000000|  0%| F|  |TAMS 0x0000000705e00000| PB 0x0000000705e00000| Untracked 
|  40|0x0000000706000000, 0x0000000706000000, 0x0000000706200000|  0%| F|  |TAMS 0x0000000706000000| PB 0x0000000706000000| Untracked 
|  41|0x0000000706200000, 0x0000000706200000, 0x0000000706400000|  0%| F|  |TAMS 0x0000000706200000| PB 0x0000000706200000| Untracked 
|  42|0x0000000706400000, 0x0000000706400000, 0x0000000706600000|  0%| F|  |TAMS 0x0000000706400000| PB 0x0000000706400000| Untracked 
|  43|0x0000000706600000, 0x0000000706600000, 0x0000000706800000|  0%| F|  |TAMS 0x0000000706600000| PB 0x0000000706600000| Untracked 
|  44|0x0000000706800000, 0x0000000706800000, 0x0000000706a00000|  0%| F|  |TAMS 0x0000000706800000| PB 0x0000000706800000| Untracked 
|  45|0x0000000706a00000, 0x0000000706a00000, 0x0000000706c00000|  0%| F|  |TAMS 0x0000000706a00000| PB 0x0000000706a00000| Untracked 
|  46|0x0000000706c00000, 0x0000000706c00000, 0x0000000706e00000|  0%| F|  |TAMS 0x0000000706c00000| PB 0x0000000706c00000| Untracked 
|  47|0x0000000706e00000, 0x0000000706e00000, 0x0000000707000000|  0%| F|  |TAMS 0x0000000706e00000| PB 0x0000000706e00000| Untracked 
|  48|0x0000000707000000, 0x0000000707000000, 0x0000000707200000|  0%| F|  |TAMS 0x0000000707000000| PB 0x0000000707000000| Untracked 
|  49|0x0000000707200000, 0x0000000707200000, 0x0000000707400000|  0%| F|  |TAMS 0x0000000707200000| PB 0x0000000707200000| Untracked 
|  50|0x0000000707400000, 0x0000000707400000, 0x0000000707600000|  0%| F|  |TAMS 0x0000000707400000| PB 0x0000000707400000| Untracked 
|  51|0x0000000707600000, 0x0000000707600000, 0x0000000707800000|  0%| F|  |TAMS 0x0000000707600000| PB 0x0000000707600000| Untracked 
|  52|0x0000000707800000, 0x0000000707800000, 0x0000000707a00000|  0%| F|  |TAMS 0x0000000707800000| PB 0x0000000707800000| Untracked 
|  53|0x0000000707a00000, 0x0000000707a00000, 0x0000000707c00000|  0%| F|  |TAMS 0x0000000707a00000| PB 0x0000000707a00000| Untracked 
|  54|0x0000000707c00000, 0x0000000707c00000, 0x0000000707e00000|  0%| F|  |TAMS 0x0000000707c00000| PB 0x0000000707c00000| Untracked 
|  55|0x0000000707e00000, 0x0000000707e00000, 0x0000000708000000|  0%| F|  |TAMS 0x0000000707e00000| PB 0x0000000707e00000| Untracked 
|  56|0x0000000708000000, 0x0000000708000000, 0x0000000708200000|  0%| F|  |TAMS 0x0000000708000000| PB 0x0000000708000000| Untracked 
|  57|0x0000000708200000, 0x0000000708200000, 0x0000000708400000|  0%| F|  |TAMS 0x0000000708200000| PB 0x0000000708200000| Untracked 
|  58|0x0000000708400000, 0x0000000708400000, 0x0000000708600000|  0%| F|  |TAMS 0x0000000708400000| PB 0x0000000708400000| Untracked 
|  59|0x0000000708600000, 0x0000000708600000, 0x0000000708800000|  0%| F|  |TAMS 0x0000000708600000| PB 0x0000000708600000| Untracked 
|  60|0x0000000708800000, 0x0000000708800000, 0x0000000708a00000|  0%| F|  |TAMS 0x0000000708800000| PB 0x0000000708800000| Untracked 
|  61|0x0000000708a00000, 0x0000000708a00000, 0x0000000708c00000|  0%| F|  |TAMS 0x0000000708a00000| PB 0x0000000708a00000| Untracked 
|  62|0x0000000708c00000, 0x0000000708c00000, 0x0000000708e00000|  0%| F|  |TAMS 0x0000000708c00000| PB 0x0000000708c00000| Untracked 
|  63|0x0000000708e00000, 0x0000000708e00000, 0x0000000709000000|  0%| F|  |TAMS 0x0000000708e00000| PB 0x0000000708e00000| Untracked 
|  64|0x0000000709000000, 0x0000000709000000, 0x0000000709200000|  0%| F|  |TAMS 0x0000000709000000| PB 0x0000000709000000| Untracked 
|  65|0x0000000709200000, 0x0000000709200000, 0x0000000709400000|  0%| F|  |TAMS 0x0000000709200000| PB 0x0000000709200000| Untracked 
|  66|0x0000000709400000, 0x0000000709400000, 0x0000000709600000|  0%| F|  |TAMS 0x0000000709400000| PB 0x0000000709400000| Untracked 
|  67|0x0000000709600000, 0x0000000709600000, 0x0000000709800000|  0%| F|  |TAMS 0x0000000709600000| PB 0x0000000709600000| Untracked 
|  68|0x0000000709800000, 0x0000000709800000, 0x0000000709a00000|  0%| F|  |TAMS 0x0000000709800000| PB 0x0000000709800000| Untracked 
|  69|0x0000000709a00000, 0x0000000709a00000, 0x0000000709c00000|  0%| F|  |TAMS 0x0000000709a00000| PB 0x0000000709a00000| Untracked 
|  70|0x0000000709c00000, 0x0000000709c00000, 0x0000000709e00000|  0%| F|  |TAMS 0x0000000709c00000| PB 0x0000000709c00000| Untracked 
|  71|0x0000000709e00000, 0x0000000709e00000, 0x000000070a000000|  0%| F|  |TAMS 0x0000000709e00000| PB 0x0000000709e00000| Untracked 
|  72|0x000000070a000000, 0x000000070a000000, 0x000000070a200000|  0%| F|  |TAMS 0x000000070a000000| PB 0x000000070a000000| Untracked 
|  73|0x000000070a200000, 0x000000070a200000, 0x000000070a400000|  0%| F|  |TAMS 0x000000070a200000| PB 0x000000070a200000| Untracked 
|  74|0x000000070a400000, 0x000000070a400000, 0x000000070a600000|  0%| F|  |TAMS 0x000000070a400000| PB 0x000000070a400000| Untracked 
|  75|0x000000070a600000, 0x000000070a600000, 0x000000070a800000|  0%| F|  |TAMS 0x000000070a600000| PB 0x000000070a600000| Untracked 
|  76|0x000000070a800000, 0x000000070a800000, 0x000000070aa00000|  0%| F|  |TAMS 0x000000070a800000| PB 0x000000070a800000| Untracked 
|  77|0x000000070aa00000, 0x000000070aa00000, 0x000000070ac00000|  0%| F|  |TAMS 0x000000070aa00000| PB 0x000000070aa00000| Untracked 
|  78|0x000000070ac00000, 0x000000070ac00000, 0x000000070ae00000|  0%| F|  |TAMS 0x000000070ac00000| PB 0x000000070ac00000| Untracked 
|  79|0x000000070ae00000, 0x000000070ae00000, 0x000000070b000000|  0%| F|  |TAMS 0x000000070ae00000| PB 0x000000070ae00000| Untracked 
|  80|0x000000070b000000, 0x000000070b000000, 0x000000070b200000|  0%| F|  |TAMS 0x000000070b000000| PB 0x000000070b000000| Untracked 
|  81|0x000000070b200000, 0x000000070b200000, 0x000000070b400000|  0%| F|  |TAMS 0x000000070b200000| PB 0x000000070b200000| Untracked 
|  82|0x000000070b400000, 0x000000070b400000, 0x000000070b600000|  0%| F|  |TAMS 0x000000070b400000| PB 0x000000070b400000| Untracked 
|  83|0x000000070b600000, 0x000000070b600000, 0x000000070b800000|  0%| F|  |TAMS 0x000000070b600000| PB 0x000000070b600000| Untracked 
|  84|0x000000070b800000, 0x000000070b800000, 0x000000070ba00000|  0%| F|  |TAMS 0x000000070b800000| PB 0x000000070b800000| Untracked 
|  85|0x000000070ba00000, 0x000000070ba00000, 0x000000070bc00000|  0%| F|  |TAMS 0x000000070ba00000| PB 0x000000070ba00000| Untracked 
|  86|0x000000070bc00000, 0x000000070bc00000, 0x000000070be00000|  0%| F|  |TAMS 0x000000070bc00000| PB 0x000000070bc00000| Untracked 
|  87|0x000000070be00000, 0x000000070be00000, 0x000000070c000000|  0%| F|  |TAMS 0x000000070be00000| PB 0x000000070be00000| Untracked 
|  88|0x000000070c000000, 0x000000070c000000, 0x000000070c200000|  0%| F|  |TAMS 0x000000070c000000| PB 0x000000070c000000| Untracked 
|  89|0x000000070c200000, 0x000000070c200000, 0x000000070c400000|  0%| F|  |TAMS 0x000000070c200000| PB 0x000000070c200000| Untracked 
|  90|0x000000070c400000, 0x000000070c400000, 0x000000070c600000|  0%| F|  |TAMS 0x000000070c400000| PB 0x000000070c400000| Untracked 
|  91|0x000000070c600000, 0x000000070c600000, 0x000000070c800000|  0%| F|  |TAMS 0x000000070c600000| PB 0x000000070c600000| Untracked 
|  92|0x000000070c800000, 0x000000070c800000, 0x000000070ca00000|  0%| F|  |TAMS 0x000000070c800000| PB 0x000000070c800000| Untracked 
|  93|0x000000070ca00000, 0x000000070ca00000, 0x000000070cc00000|  0%| F|  |TAMS 0x000000070ca00000| PB 0x000000070ca00000| Untracked 
|  94|0x000000070cc00000, 0x000000070cc00000, 0x000000070ce00000|  0%| F|  |TAMS 0x000000070cc00000| PB 0x000000070cc00000| Untracked 
|  95|0x000000070ce00000, 0x000000070ce00000, 0x000000070d000000|  0%| F|  |TAMS 0x000000070ce00000| PB 0x000000070ce00000| Untracked 
|  96|0x000000070d000000, 0x000000070d000000, 0x000000070d200000|  0%| F|  |TAMS 0x000000070d000000| PB 0x000000070d000000| Untracked 
|  97|0x000000070d200000, 0x000000070d200000, 0x000000070d400000|  0%| F|  |TAMS 0x000000070d200000| PB 0x000000070d200000| Untracked 
|  98|0x000000070d400000, 0x000000070d400000, 0x000000070d600000|  0%| F|  |TAMS 0x000000070d400000| PB 0x000000070d400000| Untracked 
|  99|0x000000070d600000, 0x000000070d600000, 0x000000070d800000|  0%| F|  |TAMS 0x000000070d600000| PB 0x000000070d600000| Untracked 
| 100|0x000000070d800000, 0x000000070d800000, 0x000000070da00000|  0%| F|  |TAMS 0x000000070d800000| PB 0x000000070d800000| Untracked 
| 101|0x000000070da00000, 0x000000070da00000, 0x000000070dc00000|  0%| F|  |TAMS 0x000000070da00000| PB 0x000000070da00000| Untracked 
| 102|0x000000070dc00000, 0x000000070dc00000, 0x000000070de00000|  0%| F|  |TAMS 0x000000070dc00000| PB 0x000000070dc00000| Untracked 
| 103|0x000000070de00000, 0x000000070e000000, 0x000000070e000000|100%| S|CS|TAMS 0x000000070de00000| PB 0x000000070de00000| Complete 
| 104|0x000000070e000000, 0x000000070e200000, 0x000000070e200000|100%| S|CS|TAMS 0x000000070e000000| PB 0x000000070e000000| Complete 
| 105|0x000000070e200000, 0x000000070e400000, 0x000000070e400000|100%| S|CS|TAMS 0x000000070e200000| PB 0x000000070e200000| Complete 
| 106|0x000000070e400000, 0x000000070e400000, 0x000000070e600000|  0%| F|  |TAMS 0x000000070e400000| PB 0x000000070e400000| Untracked 
| 107|0x000000070e600000, 0x000000070e600000, 0x000000070e800000|  0%| F|  |TAMS 0x000000070e600000| PB 0x000000070e600000| Untracked 
| 108|0x000000070e800000, 0x000000070e8fadb0, 0x000000070ea00000| 48%| E|  |TAMS 0x000000070e800000| PB 0x000000070e800000| Complete 
| 109|0x000000070ea00000, 0x000000070ec00000, 0x000000070ec00000|100%| E|CS|TAMS 0x000000070ea00000| PB 0x000000070ea00000| Complete 
| 110|0x000000070ec00000, 0x000000070ee00000, 0x000000070ee00000|100%| E|CS|TAMS 0x000000070ec00000| PB 0x000000070ec00000| Complete 
| 111|0x000000070ee00000, 0x000000070f000000, 0x000000070f000000|100%| E|CS|TAMS 0x000000070ee00000| PB 0x000000070ee00000| Complete 
| 112|0x000000070f000000, 0x000000070f200000, 0x000000070f200000|100%| E|CS|TAMS 0x000000070f000000| PB 0x000000070f000000| Complete 
| 113|0x000000070f200000, 0x000000070f400000, 0x000000070f400000|100%| E|CS|TAMS 0x000000070f200000| PB 0x000000070f200000| Complete 
| 114|0x000000070f400000, 0x000000070f600000, 0x000000070f600000|100%| E|CS|TAMS 0x000000070f400000| PB 0x000000070f400000| Complete 
| 115|0x000000070f600000, 0x000000070f800000, 0x000000070f800000|100%| E|CS|TAMS 0x000000070f600000| PB 0x000000070f600000| Complete 
| 116|0x000000070f800000, 0x000000070fa00000, 0x000000070fa00000|100%| E|CS|TAMS 0x000000070f800000| PB 0x000000070f800000| Complete 
| 117|0x000000070fa00000, 0x000000070fc00000, 0x000000070fc00000|100%| E|CS|TAMS 0x000000070fa00000| PB 0x000000070fa00000| Complete 
| 118|0x000000070fc00000, 0x000000070fe00000, 0x000000070fe00000|100%| E|CS|TAMS 0x000000070fc00000| PB 0x000000070fc00000| Complete 
| 119|0x000000070fe00000, 0x0000000710000000, 0x0000000710000000|100%| E|  |TAMS 0x000000070fe00000| PB 0x000000070fe00000| Complete 
| 120|0x0000000710000000, 0x0000000710200000, 0x0000000710200000|100%| E|CS|TAMS 0x0000000710000000| PB 0x0000000710000000| Complete 
| 121|0x0000000710200000, 0x0000000710400000, 0x0000000710400000|100%| E|CS|TAMS 0x0000000710200000| PB 0x0000000710200000| Complete 
| 122|0x0000000710400000, 0x0000000710600000, 0x0000000710600000|100%| E|CS|TAMS 0x0000000710400000| PB 0x0000000710400000| Complete 
| 123|0x0000000710600000, 0x0000000710800000, 0x0000000710800000|100%| E|CS|TAMS 0x0000000710600000| PB 0x0000000710600000| Complete 
| 124|0x0000000710800000, 0x0000000710a00000, 0x0000000710a00000|100%| E|CS|TAMS 0x0000000710800000| PB 0x0000000710800000| Complete 
| 125|0x0000000710a00000, 0x0000000710c00000, 0x0000000710c00000|100%| E|CS|TAMS 0x0000000710a00000| PB 0x0000000710a00000| Complete 
| 126|0x0000000710c00000, 0x0000000710e00000, 0x0000000710e00000|100%| E|CS|TAMS 0x0000000710c00000| PB 0x0000000710c00000| Complete 
| 127|0x0000000710e00000, 0x0000000711000000, 0x0000000711000000|100%| E|CS|TAMS 0x0000000710e00000| PB 0x0000000710e00000| Complete 

Card table byte_map: [0x00000220628a0000,0x00000220630a0000] _byte_map_base: 0x000002205f098000

Marking Bits: (CMBitMap*) 0x0000022049fcfc70
 Bits: [0x00000220630a0000, 0x0000022067060000)

Polling page: 0x000002204a020000

Metaspace:

Usage:
  Non-class:     12.10 MB used.
      Class:      2.11 MB used.
       Both:     14.21 MB used.

Virtual space:
  Non-class space:       64.00 MB reserved,      12.25 MB ( 19%) committed,  1 nodes.
      Class space:        1.00 GB reserved,       2.31 MB ( <1%) committed,  1 nodes.
             Both:        1.06 GB reserved,      14.56 MB (  1%) committed. 

Chunk freelists:
   Non-Class:  3.38 MB
       Class:  13.67 MB
        Both:  17.05 MB

MaxMetaspaceSize: unlimited
CompressedClassSpaceSize: 1.00 GB
Initial GC threshold: 21.00 MB
Current GC threshold: 21.00 MB
CDS: on
 - commit_granule_bytes: 65536.
 - commit_granule_words: 8192.
 - virtual_space_node_default_size: 8388608.
 - enlarge_chunks_in_place: 1.
 - use_allocation_guard: 0.


Internal statistics:

num_allocs_failed_limit: 0.
num_arena_births: 374.
num_arena_deaths: 0.
num_vsnodes_births: 2.
num_vsnodes_deaths: 0.
num_space_committed: 232.
num_space_uncommitted: 0.
num_chunks_returned_to_freelist: 0.
num_chunks_taken_from_freelist: 826.
num_chunk_merges: 0.
num_chunk_splits: 565.
num_chunks_enlarged: 391.
num_inconsistent_stats: 0.

CodeHeap 'non-profiled nmethods': size=120000Kb used=1128Kb max_used=1128Kb free=118871Kb
 bounds [0x0000022059ed0000, 0x000002205a140000, 0x0000022061400000]
CodeHeap 'profiled nmethods': size=120000Kb used=4611Kb max_used=4611Kb free=115388Kb
 bounds [0x0000022052400000, 0x0000022052890000, 0x0000022059930000]
CodeHeap 'non-nmethods': size=5760Kb used=1690Kb max_used=1721Kb free=4069Kb
 bounds [0x0000022059930000, 0x0000022059ba0000, 0x0000022059ed0000]
 total_blobs=3149 nmethods=2424 adapters=629
 compilation: enabled
              stopped_count=0, restarted_count=0
 full_count=0

Compilation events (20 events):
Event: 5.851 Thread 0x000002206e022510 nmethod 2401 0x000002205286a790 code [0x000002205286aa60, 0x000002205286b890]
Event: 5.852 Thread 0x000002206f9ce580 nmethod 2403 0x0000022059fe8610 code [0x0000022059fe87a0, 0x0000022059fe89b8]
Event: 5.852 Thread 0x000002206e022510 2402       1       javafx.css.ParsedValue::getValue (5 bytes)
Event: 5.852 Thread 0x000002206f9ce580 2405       4       java.lang.String::lastIndexOf (29 bytes)
Event: 5.852 Thread 0x000002206e022510 nmethod 2402 0x0000022059fe8b90 code [0x0000022059fe8d20, 0x0000022059fe8df0]
Event: 5.852 Thread 0x000002206e022510 2398       3       javafx.css.CssParser::valueFor (973 bytes)
Event: 5.854 Thread 0x000002206f9ce580 nmethod 2405 0x0000022059fe8e90 code [0x0000022059fe9020, 0x0000022059fe9260]
Event: 5.854 Thread 0x000002206f9ce580 2404       4       javafx.css.CssLexer::nextToken (78 bytes)
Event: 5.855 Thread 0x000002206e022510 nmethod 2398 0x000002205286bd90 code [0x000002205286c800, 0x0000022052870e08]
Event: 5.857 Thread 0x000002206f9ce580 nmethod 2404 0x0000022059fe9390 code [0x0000022059fe9540, 0x0000022059fe9880]
Event: 5.857 Thread 0x000002206f9ce580 2406       4       javafx.css.converter.URLConverter::getInstance (4 bytes)
Event: 5.857 Thread 0x000002206f9ce580 nmethod 2406 0x0000022059fe9b90 code [0x0000022059fe9d00, 0x0000022059fe9d70]
Event: 5.858 Thread 0x000002206e022510 2407   !   3       sun.nio.cs.UnicodeDecoder::decodeLoop (304 bytes)
Event: 5.859 Thread 0x000002206e022510 nmethod 2407 0x0000022052872410 code [0x0000022052872840, 0x00000220528747c8]
Event: 5.864 Thread 0x000002206e022510 2408  s!   3       com.sun.javafx.font.FontFileReader::readFromFile (39 bytes)
Event: 5.865 Thread 0x000002206e022510 nmethod 2408 0x0000022052875490 code [0x0000022052875660, 0x00000220528759f0]
Event: 6.861 Thread 0x000002206e022510 2409       3       com.sun.javafx.tk.quantum.QuantumToolkit::postPulse (133 bytes)
Event: 6.862 Thread 0x000002206e022510 nmethod 2409 0x0000022052875c10 code [0x0000022052875fc0, 0x0000022052877500]
Event: 6.867 Thread 0x000002206e022510 2410       3       java.util.HashMap::removeNode (291 bytes)
Event: 6.867 Thread 0x000002206e022510 nmethod 2410 0x0000022052877c90 code [0x0000022052877f20, 0x0000022052879200]

GC Heap History (4 events):
Event: 0.195 GC heap before
{Heap before GC invocations=0 (full 0):
 garbage-first heap   total 262144K, used 22528K [0x0000000701000000, 0x0000000800000000)
  region size 2048K, 11 young (22528K), 0 survivors (0K)
 Metaspace       used 878K, committed 1088K, reserved 1114112K
  class space    used 70K, committed 192K, reserved 1048576K
}
Event: 0.197 GC heap after
{Heap after GC invocations=1 (full 0):
 garbage-first heap   total 262144K, used 1110K [0x0000000701000000, 0x0000000800000000)
  region size 2048K, 1 young (2048K), 1 survivors (2048K)
 Metaspace       used 878K, committed 1088K, reserved 1114112K
  class space    used 70K, committed 192K, reserved 1048576K
}
Event: 1.027 GC heap before
{Heap before GC invocations=1 (full 0):
 garbage-first heap   total 262144K, used 42070K [0x0000000701000000, 0x0000000800000000)
  region size 2048K, 22 young (45056K), 1 survivors (2048K)
 Metaspace       used 7025K, committed 7232K, reserved 1114112K
  class space    used 800K, committed 896K, reserved 1048576K
}
Event: 1.033 GC heap after
{Heap after GC invocations=2 (full 0):
 garbage-first heap   total 262144K, used 7835K [0x0000000701000000, 0x0000000800000000)
  region size 2048K, 3 young (6144K), 3 survivors (6144K)
 Metaspace       used 7025K, committed 7232K, reserved 1114112K
  class space    used 800K, committed 896K, reserved 1048576K
}

Dll operation events (20 events):
Event: 0.414 Loaded shared library C:\Users\aletr\.openjfx\cache\23-ea+3\amd64\api-ms-win-crt-locale-l1-1-0.dll
Event: 0.417 Loaded shared library C:\Users\aletr\.openjfx\cache\23-ea+3\amd64\api-ms-win-crt-math-l1-1-0.dll
Event: 0.419 Loaded shared library C:\Users\aletr\.openjfx\cache\23-ea+3\amd64\api-ms-win-crt-multibyte-l1-1-0.dll
Event: 0.422 Loaded shared library C:\Users\aletr\.openjfx\cache\23-ea+3\amd64\api-ms-win-crt-private-l1-1-0.dll
Event: 0.425 Loaded shared library C:\Users\aletr\.openjfx\cache\23-ea+3\amd64\api-ms-win-crt-process-l1-1-0.dll
Event: 0.427 Loaded shared library C:\Users\aletr\.openjfx\cache\23-ea+3\amd64\api-ms-win-crt-runtime-l1-1-0.dll
Event: 0.429 Loaded shared library C:\Users\aletr\.openjfx\cache\23-ea+3\amd64\api-ms-win-crt-stdio-l1-1-0.dll
Event: 0.432 Loaded shared library C:\Users\aletr\.openjfx\cache\23-ea+3\amd64\api-ms-win-crt-string-l1-1-0.dll
Event: 0.434 Loaded shared library C:\Users\aletr\.openjfx\cache\23-ea+3\amd64\api-ms-win-crt-time-l1-1-0.dll
Event: 0.437 Loaded shared library C:\Users\aletr\.openjfx\cache\23-ea+3\amd64\api-ms-win-crt-utility-l1-1-0.dll
Event: 0.452 Loaded shared library C:\Users\aletr\.openjfx\cache\23-ea+3\amd64\ucrtbase.dll
Event: 0.456 Loaded shared library C:\Users\aletr\.openjfx\cache\23-ea+3\amd64\vcruntime140.dll
Event: 0.458 Loaded shared library C:\Users\aletr\.openjfx\cache\23-ea+3\amd64\vcruntime140_1.dll
Event: 0.466 Loaded shared library C:\Users\aletr\.openjfx\cache\23-ea+3\amd64\msvcp140.dll
Event: 0.468 Loaded shared library C:\Users\aletr\.openjfx\cache\23-ea+3\amd64\msvcp140_1.dll
Event: 0.474 Loaded shared library C:\Users\aletr\.openjfx\cache\23-ea+3\amd64\msvcp140_2.dll
Event: 0.508 Loaded shared library C:\Users\aletr\.openjfx\cache\23-ea+3\amd64\prism_d3d.dll
Event: 0.595 Loaded shared library C:\Users\aletr\.openjfx\cache\23-ea+3\amd64\glass.dll
Event: 0.755 Loaded shared library C:\Program Files\Java\jdk-21\bin\jimage.dll
Event: 1.154 Loaded shared library C:\Users\aletr\.openjfx\cache\23-ea+3\amd64\javafx_font.dll

Deoptimization events (20 events):
Event: 2.633 Thread 0x000002206ede6720 Uncommon trap: trap_request=0xffffff6e fr.pc=0x0000022059fc8454 relative=0x0000000000000434
Event: 2.633 Thread 0x000002206ede6720 Uncommon trap: reason=loop_limit_check action=maybe_recompile pc=0x0000022059fc8454 method=java.lang.StringLatin1.indexOf([BI[BII)I @ 37 c2
Event: 2.633 Thread 0x000002206ede6720 DEOPT PACKING pc=0x0000022059fc8454 sp=0x000000c2f7bfc9a0
Event: 2.633 Thread 0x000002206ede6720 DEOPT UNPACKING pc=0x00000220599846a2 sp=0x000000c2f7bfc900 mode 2
Event: 5.699 Thread 0x000002206ede6720 Uncommon trap: trap_request=0xffffffde fr.pc=0x0000022059f60e3c relative=0x00000000000003bc
Event: 5.700 Thread 0x000002206ede6720 Uncommon trap: reason=class_check action=maybe_recompile pc=0x0000022059f60e3c method=java.util.regex.Pattern$Start.match(Ljava/util/regex/Matcher;ILjava/lang/CharSequence;)Z @ 44 c2
Event: 5.700 Thread 0x000002206ede6720 DEOPT PACKING pc=0x0000022059f60e3c sp=0x000000c2f7bfceb0
Event: 5.700 Thread 0x000002206ede6720 DEOPT UNPACKING pc=0x00000220599846a2 sp=0x000000c2f7bfce80 mode 2
Event: 5.700 Thread 0x000002206ede6720 Uncommon trap: trap_request=0xffffffde fr.pc=0x0000022059f60e1c relative=0x000000000000039c
Event: 5.700 Thread 0x000002206ede6720 Uncommon trap: reason=class_check action=maybe_recompile pc=0x0000022059f60e1c method=java.util.regex.Pattern$BmpCharPropertyGreedy.match(Ljava/util/regex/Matcher;ILjava/lang/CharSequence;)Z @ 26 c2
Event: 5.700 Thread 0x000002206ede6720 DEOPT PACKING pc=0x0000022059f60e1c sp=0x000000c2f7bfceb0
Event: 5.700 Thread 0x000002206ede6720 DEOPT UNPACKING pc=0x00000220599846a2 sp=0x000000c2f7bfce08 mode 2
Event: 5.729 Thread 0x000002206ede6720 Uncommon trap: trap_request=0xffffff45 fr.pc=0x0000022059fe289c relative=0x000000000000349c
Event: 5.729 Thread 0x000002206ede6720 Uncommon trap: reason=unstable_if action=reinterpret pc=0x0000022059fe289c method=javafx.css.CssLexer.getToken()Lcom/sun/javafx/css/parser/Token; @ 205 c2
Event: 5.729 Thread 0x000002206ede6720 DEOPT PACKING pc=0x0000022059fe289c sp=0x000000c2f7bfcfa0
Event: 5.729 Thread 0x000002206ede6720 DEOPT UNPACKING pc=0x00000220599846a2 sp=0x000000c2f7bfcf78 mode 2
Event: 5.730 Thread 0x000002206ede6720 DEOPT PACKING pc=0x00000220527940d5 sp=0x000000c2f7bfc300
Event: 5.730 Thread 0x000002206ede6720 DEOPT UNPACKING pc=0x0000022059984e42 sp=0x000000c2f7bfb788 mode 0
Event: 5.849 Thread 0x000002206ede6720 DEOPT PACKING pc=0x00000220527940d5 sp=0x000000c2f7bfc290
Event: 5.849 Thread 0x000002206ede6720 DEOPT UNPACKING pc=0x0000022059984e42 sp=0x000000c2f7bfb718 mode 0

Classes loaded (20 events):
Event: 1.514 Loading class java/util/stream/MatchOps$1MatchSink
Event: 1.514 Loading class java/util/stream/MatchOps$1MatchSink done
Event: 1.516 Loading class java/lang/annotation/Documented
Event: 1.516 Loading class java/lang/annotation/Documented done
Event: 1.517 Loading class java/lang/Class$AnnotationData
Event: 1.517 Loading class java/lang/Class$AnnotationData done
Event: 1.522 Loading class java/math/BigDecimal
Event: 1.523 Loading class java/math/BigDecimal done
Event: 2.611 Loading class com/sun/org/apache/xerces/internal/impl/io/MalformedByteSequenceException
Event: 2.611 Loading class java/io/CharConversionException
Event: 2.611 Loading class java/io/CharConversionException done
Event: 2.611 Loading class com/sun/org/apache/xerces/internal/impl/io/MalformedByteSequenceException done
Event: 2.616 Loading class java/io/CharArrayReader
Event: 2.616 Loading class java/io/CharArrayReader done
Event: 2.654 Loading class java/util/WeakHashMap$EntrySet
Event: 2.654 Loading class java/util/WeakHashMap$EntrySet done
Event: 2.654 Loading class java/util/WeakHashMap$EntryIterator
Event: 2.654 Loading class java/util/WeakHashMap$EntryIterator done
Event: 5.727 Loading class jdk/jfr/FlightRecorder
Event: 5.727 Loading class jdk/jfr/FlightRecorder done

Classes unloaded (0 events):
No events

Classes redefined (0 events):
No events

Internal exceptions (20 events):
Event: 1.217 Thread 0x000002206ede6720 Exception <a 'java/lang/NoSuchMethodError'{0x0000000710054928}: 'void java.lang.invoke.DirectMethodHandle$Holder.invokeStaticInit(java.lang.Object, java.lang.Object)'> (0x0000000710054928) 
thrown [s\open\src\hotspot\share\interpreter\linkResolver.cpp, line 773]
Event: 1.247 Thread 0x000002206ede6720 Exception <a 'java/lang/NoSuchMethodError'{0x000000070ff4af08}: 'java.lang.Object java.lang.invoke.DirectMethodHandle$Holder.newInvokeSpecial(java.lang.Object, java.lang.Object, int, int)'> (0x000000070ff4af08) 
thrown [s\open\src\hotspot\share\interpreter\linkResolver.cpp, line 773]
Event: 1.247 Thread 0x000002206ede6720 Exception <a 'java/lang/NoSuchMethodError'{0x000000070ff4ed70}: 'java.lang.Object java.lang.invoke.DirectMethodHandle$Holder.invokeSpecial(java.lang.Object, java.lang.Object, java.lang.Object, int, int)'> (0x000000070ff4ed70) 
thrown [s\open\src\hotspot\share\interpreter\linkResolver.cpp, line 773]
Event: 1.248 Thread 0x000002206ede6720 Exception <a 'java/lang/NoSuchMethodError'{0x000000070ff6fc30}: 'java.lang.Object java.lang.invoke.DirectMethodHandle$Holder.newInvokeSpecial(java.lang.Object, java.lang.Object, java.lang.Object, java.lang.Object, int)'> (0x000000070ff6fc30) 
thrown [s\open\src\hotspot\share\interpreter\linkResolver.cpp, line 773]
Event: 1.249 Thread 0x000002206ede6720 Exception <a 'java/lang/NoSuchMethodError'{0x000000070ff73cd8}: 'java.lang.Object java.lang.invoke.DirectMethodHandle$Holder.invokeSpecial(java.lang.Object, java.lang.Object, java.lang.Object, java.lang.Object, java.lang.Object, int)'> (0x000000070ff73cd8) 
thrown [s\open\src\hotspot\share\interpreter\linkResolver.cpp, line 773]
Event: 1.249 Thread 0x000002206ede6720 Exception <a 'java/lang/NoSuchMethodError'{0x000000070ff77748}: 'java.lang.Object java.lang.invoke.Invokers$Holder.linkToTargetMethod(java.lang.Object, java.lang.Object, java.lang.Object, int, java.lang.Object)'> (0x000000070ff77748) 
thrown [s\open\src\hotspot\share\interpreter\linkResolver.cpp, line 773]
Event: 1.251 Thread 0x000002206ede6720 Exception <a 'java/lang/NoSuchMethodError'{0x000000070ff95100}: 'java.lang.Object java.lang.invoke.DirectMethodHandle$Holder.newInvokeSpecial(java.lang.Object, java.lang.Object, java.lang.Object, java.lang.Object, java.lang.Object, int)'> (0x000000070ff95100) 
thrown [s\open\src\hotspot\share\interpreter\linkResolver.cpp, line 773]
Event: 1.251 Thread 0x000002206ede6720 Exception <a 'java/lang/NoSuchMethodError'{0x000000070ff992d8}: 'java.lang.Object java.lang.invoke.DirectMethodHandle$Holder.invokeSpecial(java.lang.Object, java.lang.Object, java.lang.Object, java.lang.Object, java.lang.Object, java.lang.Object, int)'> (0x000000070ff992d8) 
thrown [s\open\src\hotspot\share\interpreter\linkResolver.cpp, line 773]
Event: 1.251 Thread 0x000002206ede6720 Exception <a 'java/lang/NoSuchMethodError'{0x000000070ff9ce50}: 'java.lang.Object java.lang.invoke.Invokers$Holder.linkToTargetMethod(java.lang.Object, java.lang.Object, java.lang.Object, java.lang.Object, int, java.lang.Object)'> (0x000000070ff9ce50) 
thrown [s\open\src\hotspot\share\interpreter\linkResolver.cpp, line 773]
Event: 1.293 Thread 0x000002206ede6720 Exception <a 'java/lang/NoSuchMethodError'{0x000000070f8fdc80}: 'int java.lang.invoke.DirectMethodHandle$Holder.invokeStaticInit(java.lang.Object, java.lang.Object)'> (0x000000070f8fdc80) 
thrown [s\open\src\hotspot\share\interpreter\linkResolver.cpp, line 773]
Event: 1.342 Thread 0x000002206ede6720 Exception <a 'java/lang/NoSuchMethodError'{0x000000070f982ef8}: 'java.lang.Object java.lang.invoke.DirectMethodHandle$Holder.invokeStaticInit(java.lang.Object, int, int, int, int)'> (0x000000070f982ef8) 
thrown [s\open\src\hotspot\share\interpreter\linkResolver.cpp, line 773]
Event: 1.360 Thread 0x000002206ede6720 Exception <a 'java/lang/NoSuchMethodError'{0x000000070f649f78}: 'java.lang.Object java.lang.invoke.DirectMethodHandle$Holder.invokeStaticInit(java.lang.Object, java.lang.Object, int, int, int, int)'> (0x000000070f649f78) 
thrown [s\open\src\hotspot\share\interpreter\linkResolver.cpp, line 773]
Event: 1.372 Thread 0x000002206ede6720 Exception <a 'sun/nio/fs/WindowsException'{0x000000070f66aab8}> (0x000000070f66aab8) 
thrown [s\open\src\hotspot\share\prims\jni.cpp, line 520]
Event: 1.432 Thread 0x000002206ede6720 Exception <a 'java/lang/NoSuchMethodError'{0x000000070f6b93f0}: 'java.lang.Object java.lang.invoke.DirectMethodHandle$Holder.invokeSpecialIFC(java.lang.Object, java.lang.Object, java.lang.Object, java.lang.Object)'> (0x000000070f6b93f0) 
thrown [s\open\src\hotspot\share\interpreter\linkResolver.cpp, line 773]
Event: 1.493 Thread 0x000002206ede6720 Exception <a 'sun/nio/fs/WindowsException'{0x000000070f263f68}> (0x000000070f263f68) 
thrown [s\open\src\hotspot\share\prims\jni.cpp, line 520]
Event: 1.498 Thread 0x000002206ede6720 Implicit null exception at 0x0000022059f91de6 to 0x0000022059f91e8a
Event: 1.505 Thread 0x000002206ede6720 Implicit null exception at 0x0000022059fad41d to 0x0000022059fad61c
Event: 1.522 Thread 0x000002206ede6720 Exception <a 'java/lang/NoSuchMethodError'{0x000000070f037808}: 'void java.lang.invoke.Invokers$Holder.invokeExact_MT(java.lang.Object, java.lang.Object, java.lang.Object, java.lang.Object)'> (0x000000070f037808) 
thrown [s\open\src\hotspot\share\interpreter\linkResolver.cpp, line 773]
Event: 1.564 Thread 0x000002206ede6720 Implicit null exception at 0x0000022059faec1d to 0x0000022059faee14
Event: 2.613 Thread 0x000002206ede6720 Exception <a 'java/io/FileNotFoundException'{0x000000070eebb778}> (0x000000070eebb778) 
thrown [s\open\src\hotspot\share\prims\jni.cpp, line 520]

ZGC Phase Switch (0 events):
No events

VM Operations (20 events):
Event: 1.027 Executing VM operation: G1CollectForAllocation (G1 Evacuation Pause)
Event: 1.033 Executing VM operation: G1CollectForAllocation (G1 Evacuation Pause) done
Event: 1.082 Executing VM operation: HandshakeAllThreads (Deoptimize)
Event: 1.082 Executing VM operation: HandshakeAllThreads (Deoptimize) done
Event: 1.085 Executing VM operation: HandshakeAllThreads (Deoptimize)
Event: 1.085 Executing VM operation: HandshakeAllThreads (Deoptimize) done
Event: 1.158 Executing VM operation: HandshakeAllThreads (Deoptimize)
Event: 1.158 Executing VM operation: HandshakeAllThreads (Deoptimize) done
Event: 1.158 Executing VM operation: HandshakeAllThreads (Deoptimize)
Event: 1.158 Executing VM operation: HandshakeAllThreads (Deoptimize) done
Event: 1.345 Executing VM operation: HandshakeAllThreads (Deoptimize)
Event: 1.345 Executing VM operation: HandshakeAllThreads (Deoptimize) done
Event: 1.437 Executing VM operation: HandshakeAllThreads (Deoptimize)
Event: 1.437 Executing VM operation: HandshakeAllThreads (Deoptimize) done
Event: 1.494 Executing VM operation: ICBufferFull
Event: 1.494 Executing VM operation: ICBufferFull done
Event: 3.494 Executing VM operation: Cleanup
Event: 3.494 Executing VM operation: Cleanup done
Event: 6.496 Executing VM operation: Cleanup
Event: 6.496 Executing VM operation: Cleanup done

Events (20 events):
Event: 0.059 Thread 0x00000220695edcc0 Thread added: 0x00000220695edcc0
Event: 0.111 Thread 0x000002206e1932a0 Thread added: 0x000002206e1932a0
Event: 0.115 Thread 0x000002206e2944b0 Thread added: 0x000002206e2944b0
Event: 0.237 Thread 0x000002206eb9c550 Thread added: 0x000002206eb9c550
Event: 0.499 Thread 0x000002206ec4b2a0 Thread added: 0x000002206ec4b2a0
Event: 0.575 Thread 0x000002206e2944b0 Thread exited: 0x000002206e2944b0
Event: 0.584 Thread 0x000002206e1932a0 Thread exited: 0x000002206e1932a0
Event: 0.596 Thread 0x000002206edc35c0 Thread added: 0x000002206edc35c0
Event: 0.598 Thread 0x000002206ede6720 Thread added: 0x000002206ede6720
Event: 0.728 Thread 0x000002206f1f2900 Thread added: 0x000002206f1f2900
Event: 0.732 Thread 0x000002206f203310 Thread added: 0x000002206f203310
Event: 0.771 Thread 0x000002206f26cfd0 Thread added: 0x000002206f26cfd0
Event: 0.784 Thread 0x000002206f2dcbb0 Thread added: 0x000002206f2dcbb0
Event: 1.286 Thread 0x000002206f87e250 Thread added: 0x000002206f87e250
Event: 2.584 Thread 0x000002206f2dcbb0 Thread exited: 0x000002206f2dcbb0
Event: 2.591 Thread 0x000002206f26cfd0 Thread exited: 0x000002206f26cfd0
Event: 2.634 Thread 0x000002206f9ce580 Thread added: 0x000002206f9ce580
Event: 2.644 Thread 0x000002206fba0400 Thread added: 0x000002206fba0400
Event: 3.597 Thread 0x000002206fba0400 Thread exited: 0x000002206fba0400
Event: 6.866 Thread 0x000002206f9ce580 Thread exited: 0x000002206f9ce580


Dynamic libraries:
0x00007ff66f6a0000 - 0x00007ff66f6b0000 	C:\Program Files\Java\jdk-21\bin\java.exe
0x00007ffd925c0000 - 0x00007ffd92823000 	C:\Windows\SYSTEM32\ntdll.dll
0x00007ffd916b0000 - 0x00007ffd91777000 	C:\Windows\System32\KERNEL32.DLL
0x00007ffd8fc10000 - 0x00007ffd8ffc0000 	C:\Windows\System32\KERNELBASE.dll
0x00007ffd901c0000 - 0x00007ffd9030b000 	C:\Windows\System32\ucrtbase.dll
0x00007ffd58d50000 - 0x00007ffd58d69000 	C:\Program Files\Java\jdk-21\bin\jli.dll
0x00007ffd8c090000 - 0x00007ffd8c0ab000 	C:\Program Files\Java\jdk-21\bin\VCRUNTIME140.dll
0x00007ffd91590000 - 0x00007ffd91644000 	C:\Windows\System32\ADVAPI32.dll
0x00007ffd904d0000 - 0x00007ffd90579000 	C:\Windows\System32\msvcrt.dll
0x00007ffd90700000 - 0x00007ffd907a6000 	C:\Windows\System32\sechost.dll
0x00007ffd922f0000 - 0x00007ffd92406000 	C:\Windows\System32\RPCRT4.dll
0x00007ffd917e0000 - 0x00007ffd919a3000 	C:\Windows\System32\USER32.dll
0x00007ffd8fb40000 - 0x00007ffd8fb67000 	C:\Windows\System32\win32u.dll
0x00007ffd75740000 - 0x00007ffd759d0000 	C:\Windows\WinSxS\amd64_microsoft.windows.common-controls_6595b64144ccf1df_6.0.26100.1882_none_3e0e949ae32eca40\COMCTL32.dll
0x00007ffd90580000 - 0x00007ffd905aa000 	C:\Windows\System32\GDI32.dll
0x00007ffd90310000 - 0x00007ffd90433000 	C:\Windows\System32\gdi32full.dll
0x00007ffd90050000 - 0x00007ffd900f3000 	C:\Windows\System32\msvcp_win.dll
0x00007ffd89180000 - 0x00007ffd8918b000 	C:\Windows\SYSTEM32\VERSION.dll
0x00007ffd91650000 - 0x00007ffd9167f000 	C:\Windows\System32\IMM32.DLL
0x00007ffd739b0000 - 0x00007ffd739bc000 	C:\Program Files\Java\jdk-21\bin\vcruntime140_1.dll
0x00007ffd5bf80000 - 0x00007ffd5c00e000 	C:\Program Files\Java\jdk-21\bin\msvcp140.dll
0x00007ffd38260000 - 0x00007ffd38f73000 	C:\Program Files\Java\jdk-21\bin\server\jvm.dll
0x00007ffd907e0000 - 0x00007ffd90854000 	C:\Windows\System32\WS2_32.dll
0x00007ffd8f220000 - 0x00007ffd8f26e000 	C:\Windows\SYSTEM32\POWRPROF.dll
0x00007ffd80e80000 - 0x00007ffd80eb6000 	C:\Windows\SYSTEM32\WINMM.dll
0x00007ffd8f200000 - 0x00007ffd8f214000 	C:\Windows\SYSTEM32\UMPDC.dll
0x00007ffd8e7e0000 - 0x00007ffd8e7fa000 	C:\Windows\SYSTEM32\kernel.appcore.dll
0x00007ffd731a0000 - 0x00007ffd731aa000 	C:\Program Files\Java\jdk-21\bin\jimage.dll
0x00007ffd7c250000 - 0x00007ffd7c491000 	C:\Windows\SYSTEM32\DBGHELP.DLL
0x00007ffd90a60000 - 0x00007ffd90ddc000 	C:\Windows\System32\combase.dll
0x00007ffd905c0000 - 0x00007ffd90696000 	C:\Windows\System32\OLEAUT32.dll
0x00007ffd6a6d0000 - 0x00007ffd6a709000 	C:\Windows\SYSTEM32\dbgcore.DLL
0x00007ffd8fb70000 - 0x00007ffd8fc09000 	C:\Windows\System32\bcryptPrimitives.dll
0x00007ffd65900000 - 0x00007ffd6591f000 	C:\Program Files\Java\jdk-21\bin\java.dll
0x00007ffd90e90000 - 0x00007ffd91588000 	C:\Windows\System32\SHELL32.dll
0x00007ffd8d740000 - 0x00007ffd8df6a000 	C:\Windows\SYSTEM32\windows.storage.dll
0x00007ffd91c00000 - 0x00007ffd91cd3000 	C:\Windows\System32\SHCORE.dll
0x00007ffd91780000 - 0x00007ffd917dd000 	C:\Windows\System32\shlwapi.dll
0x00007ffd8f8e0000 - 0x00007ffd8f909000 	C:\Windows\SYSTEM32\profapi.dll
0x00007ffd5fd30000 - 0x00007ffd5fe07000 	C:\Program Files\Java\jdk-21\bin\jsvml.dll
0x00007ffd728d0000 - 0x00007ffd728e0000 	C:\Program Files\Java\jdk-21\bin\net.dll
0x00007ffd8ba60000 - 0x00007ffd8bb86000 	C:\Windows\SYSTEM32\WINHTTP.dll
0x00007ffd8ecc0000 - 0x00007ffd8ed28000 	C:\Windows\system32\mswsock.dll
0x00007ffd622a0000 - 0x00007ffd622b6000 	C:\Program Files\Java\jdk-21\bin\nio.dll
0x00007ffd611d0000 - 0x00007ffd611e8000 	C:\Program Files\Java\jdk-21\bin\zip.dll
0x0000022069ec0000 - 0x0000022069ec3000 	C:\Users\aletr\.openjfx\cache\23-ea+3\amd64\api-ms-win-core-console-l1-1-0.dll
0x0000022069ed0000 - 0x0000022069ed3000 	C:\Users\aletr\.openjfx\cache\23-ea+3\amd64\api-ms-win-core-console-l1-2-0.dll
0x0000022069ee0000 - 0x0000022069ee3000 	C:\Users\aletr\.openjfx\cache\23-ea+3\amd64\api-ms-win-core-datetime-l1-1-0.dll
0x0000022069ef0000 - 0x0000022069ef3000 	C:\Users\aletr\.openjfx\cache\23-ea+3\amd64\api-ms-win-core-debug-l1-1-0.dll
0x0000022069f00000 - 0x0000022069f03000 	C:\Users\aletr\.openjfx\cache\23-ea+3\amd64\api-ms-win-core-errorhandling-l1-1-0.dll
0x0000022069f10000 - 0x0000022069f14000 	C:\Users\aletr\.openjfx\cache\23-ea+3\amd64\api-ms-win-core-file-l1-1-0.dll
0x0000022069f20000 - 0x0000022069f23000 	C:\Users\aletr\.openjfx\cache\23-ea+3\amd64\api-ms-win-core-file-l1-2-0.dll
0x0000022069f30000 - 0x0000022069f33000 	C:\Users\aletr\.openjfx\cache\23-ea+3\amd64\api-ms-win-core-file-l2-1-0.dll
0x0000022069f40000 - 0x0000022069f43000 	C:\Users\aletr\.openjfx\cache\23-ea+3\amd64\api-ms-win-core-handle-l1-1-0.dll
0x0000022069f50000 - 0x0000022069f53000 	C:\Users\aletr\.openjfx\cache\23-ea+3\amd64\api-ms-win-core-heap-l1-1-0.dll
0x0000022069f60000 - 0x0000022069f63000 	C:\Users\aletr\.openjfx\cache\23-ea+3\amd64\api-ms-win-core-interlocked-l1-1-0.dll
0x0000022069f70000 - 0x0000022069f73000 	C:\Users\aletr\.openjfx\cache\23-ea+3\amd64\api-ms-win-core-libraryloader-l1-1-0.dll
0x0000022069f80000 - 0x0000022069f83000 	C:\Users\aletr\.openjfx\cache\23-ea+3\amd64\api-ms-win-core-localization-l1-2-0.dll
0x0000022069f90000 - 0x0000022069f93000 	C:\Users\aletr\.openjfx\cache\23-ea+3\amd64\api-ms-win-core-memory-l1-1-0.dll
0x0000022069fa0000 - 0x0000022069fa3000 	C:\Users\aletr\.openjfx\cache\23-ea+3\amd64\api-ms-win-core-namedpipe-l1-1-0.dll
0x0000022069fb0000 - 0x0000022069fb3000 	C:\Users\aletr\.openjfx\cache\23-ea+3\amd64\api-ms-win-core-processenvironment-l1-1-0.dll
0x0000022069fc0000 - 0x0000022069fc3000 	C:\Users\aletr\.openjfx\cache\23-ea+3\amd64\api-ms-win-core-processthreads-l1-1-0.dll
0x0000022069fd0000 - 0x0000022069fd3000 	C:\Users\aletr\.openjfx\cache\23-ea+3\amd64\api-ms-win-core-processthreads-l1-1-1.dll
0x0000022069fe0000 - 0x0000022069fe3000 	C:\Users\aletr\.openjfx\cache\23-ea+3\amd64\api-ms-win-core-profile-l1-1-0.dll
0x0000022069ff0000 - 0x0000022069ff3000 	C:\Users\aletr\.openjfx\cache\23-ea+3\amd64\api-ms-win-core-rtlsupport-l1-1-0.dll
0x000002206fbd0000 - 0x000002206fbd3000 	C:\Users\aletr\.openjfx\cache\23-ea+3\amd64\api-ms-win-core-string-l1-1-0.dll
0x000002206fbe0000 - 0x000002206fbe3000 	C:\Users\aletr\.openjfx\cache\23-ea+3\amd64\api-ms-win-core-synch-l1-1-0.dll
0x000002206fbf0000 - 0x000002206fbf3000 	C:\Users\aletr\.openjfx\cache\23-ea+3\amd64\api-ms-win-core-synch-l1-2-0.dll
0x000002206fc00000 - 0x000002206fc03000 	C:\Users\aletr\.openjfx\cache\23-ea+3\amd64\api-ms-win-core-sysinfo-l1-1-0.dll
0x000002206fc10000 - 0x000002206fc13000 	C:\Users\aletr\.openjfx\cache\23-ea+3\amd64\api-ms-win-core-timezone-l1-1-0.dll
0x000002206fc20000 - 0x000002206fc23000 	C:\Users\aletr\.openjfx\cache\23-ea+3\amd64\api-ms-win-core-util-l1-1-0.dll
0x000002206fc30000 - 0x000002206fc33000 	C:\Users\aletr\.openjfx\cache\23-ea+3\amd64\api-ms-win-crt-conio-l1-1-0.dll
0x000002206fc40000 - 0x000002206fc44000 	C:\Users\aletr\.openjfx\cache\23-ea+3\amd64\api-ms-win-crt-convert-l1-1-0.dll
0x000002206fc50000 - 0x000002206fc53000 	C:\Users\aletr\.openjfx\cache\23-ea+3\amd64\api-ms-win-crt-environment-l1-1-0.dll
0x000002206fc60000 - 0x000002206fc63000 	C:\Users\aletr\.openjfx\cache\23-ea+3\amd64\api-ms-win-crt-filesystem-l1-1-0.dll
0x000002206fc70000 - 0x000002206fc73000 	C:\Users\aletr\.openjfx\cache\23-ea+3\amd64\api-ms-win-crt-heap-l1-1-0.dll
0x000002206fc80000 - 0x000002206fc83000 	C:\Users\aletr\.openjfx\cache\23-ea+3\amd64\api-ms-win-crt-locale-l1-1-0.dll
0x000002206fc90000 - 0x000002206fc95000 	C:\Users\aletr\.openjfx\cache\23-ea+3\amd64\api-ms-win-crt-math-l1-1-0.dll
0x000002206fca0000 - 0x000002206fca5000 	C:\Users\aletr\.openjfx\cache\23-ea+3\amd64\api-ms-win-crt-multibyte-l1-1-0.dll
0x000002206fcb0000 - 0x000002206fcc0000 	C:\Users\aletr\.openjfx\cache\23-ea+3\amd64\api-ms-win-crt-private-l1-1-0.dll
0x000002206fcc0000 - 0x000002206fcc3000 	C:\Users\aletr\.openjfx\cache\23-ea+3\amd64\api-ms-win-crt-process-l1-1-0.dll
0x000002206fcd0000 - 0x000002206fcd4000 	C:\Users\aletr\.openjfx\cache\23-ea+3\amd64\api-ms-win-crt-runtime-l1-1-0.dll
0x000002206fce0000 - 0x000002206fce4000 	C:\Users\aletr\.openjfx\cache\23-ea+3\amd64\api-ms-win-crt-stdio-l1-1-0.dll
0x000002206fcf0000 - 0x000002206fcf4000 	C:\Users\aletr\.openjfx\cache\23-ea+3\amd64\api-ms-win-crt-string-l1-1-0.dll
0x000002206fd00000 - 0x000002206fd03000 	C:\Users\aletr\.openjfx\cache\23-ea+3\amd64\api-ms-win-crt-time-l1-1-0.dll
0x000002206fd10000 - 0x000002206fd13000 	C:\Users\aletr\.openjfx\cache\23-ea+3\amd64\api-ms-win-crt-utility-l1-1-0.dll
0x00007ffd5f870000 - 0x00007ffd5f96c000 	C:\Users\aletr\.openjfx\cache\23-ea+3\amd64\ucrtbase.dll
0x00007ffd83990000 - 0x00007ffd839ab000 	C:\Users\aletr\.openjfx\cache\23-ea+3\amd64\vcruntime140.dll
0x00007ffd75610000 - 0x00007ffd7561c000 	C:\Users\aletr\.openjfx\cache\23-ea+3\amd64\vcruntime140_1.dll
0x00007ffd6f220000 - 0x00007ffd6f2ae000 	C:\Users\aletr\.openjfx\cache\23-ea+3\amd64\msvcp140.dll
0x00007ffd75600000 - 0x00007ffd75609000 	C:\Users\aletr\.openjfx\cache\23-ea+3\amd64\msvcp140_1.dll
0x00007ffd6f170000 - 0x00007ffd6f1b1000 	C:\Users\aletr\.openjfx\cache\23-ea+3\amd64\msvcp140_2.dll
0x00007ffd72100000 - 0x00007ffd72130000 	C:\Users\aletr\.openjfx\cache\23-ea+3\amd64\prism_d3d.dll
0x00007ffd6c390000 - 0x00007ffd6c536000 	C:\Windows\system32\d3d9.dll
0x00007ffd8d1d0000 - 0x00007ffd8d1fe000 	C:\Windows\SYSTEM32\dwmapi.dll
0x00007ffd8cee0000 - 0x00007ffd8cf20000 	C:\Windows\SYSTEM32\dxcore.dll
0x00007ffd8ccf0000 - 0x00007ffd8cd9d000 	C:\Windows\system32\uxtheme.dll
0x00007ffd86b50000 - 0x00007ffd86c11000 	C:\Windows\System32\DriverStore\FileRepository\nv_dispig.inf_amd64_0afec3f2050014a0\nvldumdx.dll
0x00007ffd8f0d0000 - 0x00007ffd8f0e3000 	C:\Windows\SYSTEM32\msasn1.dll
0x00007ffd89110000 - 0x00007ffd8914b000 	C:\Windows\SYSTEM32\cryptnet.dll
0x00007ffd8f9c0000 - 0x00007ffd8fb36000 	C:\Windows\System32\CRYPT32.dll
0x00007ffd8eef0000 - 0x00007ffd8eefc000 	C:\Windows\SYSTEM32\cryptbase.dll
0x00007ffd8ef90000 - 0x00007ffd8efed000 	C:\Windows\SYSTEM32\wldp.dll
0x00007ffd882a0000 - 0x00007ffd88411000 	C:\Windows\SYSTEM32\drvstore.dll
0x00007ffd8f6b0000 - 0x00007ffd8f6dd000 	C:\Windows\SYSTEM32\devobj.dll
0x00007ffd8f640000 - 0x00007ffd8f69f000 	C:\Windows\SYSTEM32\cfgmgr32.dll
0x00007ffd8ffd0000 - 0x00007ffd9004a000 	C:\Windows\System32\wintrust.dll
0x00007ffd907b0000 - 0x00007ffd907d0000 	C:\Windows\System32\imagehlp.dll
0x00007ffd8f070000 - 0x00007ffd8f08c000 	C:\Windows\SYSTEM32\CRYPTSP.dll
0x00007ffd8e740000 - 0x00007ffd8e778000 	C:\Windows\system32\rsaenh.dll
0x00007ffd8f310000 - 0x00007ffd8f336000 	C:\Windows\SYSTEM32\bcrypt.dll
0x00007ffd84420000 - 0x00007ffd8640e000 	C:\Windows\System32\DriverStore\FileRepository\nv_dispig.inf_amd64_0afec3f2050014a0\nvgpucomp64.dll
0x00007ffd53a30000 - 0x00007ffd554c4000 	C:\Windows\System32\DriverStore\FileRepository\nv_dispig.inf_amd64_0afec3f2050014a0\nvd3dumx.dll
0x00007ffd8cf30000 - 0x00007ffd8cf87000 	C:\Windows\SYSTEM32\directxdatabasehelper.dll
0x00007ffd6f120000 - 0x00007ffd6f165000 	C:\Users\aletr\.openjfx\cache\23-ea+3\amd64\glass.dll
0x00007ffd92490000 - 0x00007ffd9257d000 	C:\Windows\System32\COMDLG32.dll
0x00007ffd908c0000 - 0x00007ffd90a59000 	C:\Windows\System32\ole32.dll
0x00007ffd92170000 - 0x00007ffd922cb000 	C:\Windows\System32\MSCTF.dll
0x00007ffd8ed30000 - 0x00007ffd8ed57000 	C:\Windows\SYSTEM32\gpapi.dll
0x00007ffd6b340000 - 0x00007ffd6b495000 	C:\Windows\System32\DriverStore\FileRepository\nv_dispig.inf_amd64_0afec3f2050014a0\nvppex.dll
0x00007ffd90de0000 - 0x00007ffd90e88000 	C:\Windows\System32\clbcatq.dll
0x00007ffd7a330000 - 0x00007ffd7a484000 	C:\Windows\System32\Windows.UI.dll
0x00007ffd74020000 - 0x00007ffd7416c000 	C:\Windows\System32\Windows.UI.Immersive.dll
0x00007ffd71a10000 - 0x00007ffd71a24000 	C:\Users\aletr\.openjfx\cache\23-ea+3\amd64\javafx_font.dll
0x00007ffd8a7f0000 - 0x00007ffd8aa55000 	C:\Windows\SYSTEM32\dwrite.dll
0x00007ffd8ed60000 - 0x00007ffd8ed8b000 	C:\Windows\SYSTEM32\USERENV.dll
0x00007ffd8e200000 - 0x00007ffd8e231000 	C:\Windows\SYSTEM32\IPHLPAPI.DLL
0x00007ffd90860000 - 0x00007ffd9086a000 	C:\Windows\System32\NSI.dll

dbghelp: loaded successfully - version: 4.0.5 - missing functions: none
symbol engine: initialized successfully - sym options: 0x614 - pdb path: .;C:\Program Files\Java\jdk-21\bin;C:\Windows\SYSTEM32;C:\Windows\WinSxS\amd64_microsoft.windows.common-controls_6595b64144ccf1df_6.0.26100.1882_none_3e0e949ae32eca40;C:\Program Files\Java\jdk-21\bin\server;C:\Users\aletr\.openjfx\cache\23-ea+3\amd64;C:\Windows\System32\DriverStore\FileRepository\nv_dispig.inf_amd64_0afec3f2050014a0;C:\Program Files\Common Files\Microsoft Shared\Ink

VM Arguments:
jvm_args: --module-path=C:\Users\aletr\Documents\Universidad\Progra\SigeceUNA\Security\target\classes;C:\Users\aletr\.m2\repository\com\github\sarxos\webcam-capture\0.3.12\webcam-capture-0.3.12.jar;C:\Users\aletr\.m2\repository\com\sun\activation\jakarta.activation\2.0.1\jakarta.activation-2.0.1.jar;C:\Users\aletr\.m2\repository\com\zaxxer\SparseBitSet\1.2\SparseBitSet-1.2.jar;C:\Users\aletr\.m2\repository\commons-codec\commons-codec\1.15\commons-codec-1.15.jar;C:\Users\aletr\.m2\repository\commons-io\commons-io\2.11.0\commons-io-2.11.0.jar;C:\Users\aletr\.m2\repository\io\github\palexdev\materialfx\11.16.1\materialfx-11.16.1.jar;C:\Users\aletr\.m2\repository\io\github\palexdev\mfxcore\11.3.0\mfxcore-11.3.0.jar;C:\Users\aletr\.m2\repository\io\github\palexdev\mfxeffects\11.0.5\mfxeffects-11.0.5.jar;C:\Users\aletr\.m2\repository\io\github\palexdev\mfxlocalization\11.1.0\mfxlocalization-11.1.0.jar;C:\Users\aletr\.m2\repository\io\github\palexdev\mfxresources\11.3.2\mfxresources-11.3.2.jar;C:\Users\aletr\.m2\repository\io\github\palexdev\virtualizedfx\11.9.1\virtualizedfx-11.9.1.jar;C:\Users\aletr\.m2\repository\jakarta\json\jakarta.json-api\2.0.0\jakarta.json-api-2.0.0.jar;C:\Users\aletr\.m2\repository\jakarta\json\bind\jakarta.json.bind-api\2.0.0\jakarta.json.bind-api-2.0.0.jar;C:\Users\aletr\.m2\repository\jakarta\ws\rs\jakarta.ws.rs-api\3.0.0\jakarta.ws.rs-api-3.0.0.jar;C:\Users\aletr\.m2\repository\jakarta\xml\bind\jakarta.xml.bind-api\3.0.1\jakarta.xml.bind-api-3.0.1.jar;C:\Users\aletr\.m2\repository\org\apache\commons\commons-collections4\4.4\commons-collections4-4.4.jar;C:\Users\aletr\.m2\repository\org\apache\commons\commons-compress\1.27.1\commons-compress-1.27.1.jar;C:\Users\aletr\.m2\repository\org\apache\commons\commons-lang3\3.16.0\commons-lang3-3.16.0.jar;C:\Users\aletr\.m2\repository\org\apache\commons\commons-math3\3.6.1\commons-math3-3.6.1.jar;C:\Users\aletr\.m2\repository\org\apache\logging\log4j\log4j-api\2.18.0\log4j-api-2.18.0.jar;C:\Users\aletr\.m2\reposi--add-modules=cr.ac.una.security -Djdk.module.main=cr.ac.una.security 
java_command: cr.ac.una.security/cr.ac.una.security.App
java_class_path (initial): C:\Users\aletr\Documents\Universidad\Progra\SigeceUNA\Security\target\classes;C:\Users\aletr\.m2\repository\com\github\virtuald\curvesapi\1.07\curvesapi-1.07.jar;C:\Users\aletr\.m2\repository\com\nativelibs4java\bridj\0.7.0\bridj-0.7.0.jar;C:\Users\aletr\.m2\repository\com\sun\mail\jakarta.mail\2.0.1\jakarta.mail-2.0.1.jar;C:\Users\aletr\.m2\repository\jakarta\annotation\jakarta.annotation-api\2.0.0\jakarta.annotation-api-2.0.0.jar;C:\Users\aletr\.m2\repository\jakarta\inject\jakarta.inject-api\2.0.0\jakarta.inject-api-2.0.0.jar;C:\Users\aletr\.m2\repository\org\apache\poi\poi-scratchpad\5.2.3\poi-scratchpad-5.2.3.jar;C:\Users\aletr\.m2\repository\org\eclipse\yasson\2.0.2\yasson-2.0.2.jar;C:\Users\aletr\.m2\repository\org\glassfish\jakarta.json\2.0.0\jakarta.json-2.0.0-module.jar;C:\Users\aletr\.m2\repository\org\glassfish\hk2\hk2-api\3.0.1\hk2-api-3.0.1.jar;C:\Users\aletr\.m2\repository\org\glassfish\hk2\hk2-locator\3.0.1\hk2-locator-3.0.1.jar;C:\Users\aletr\.m2\repository\org\glassfish\hk2\hk2-utils\3.0.1\hk2-utils-3.0.1.jar;C:\Users\aletr\.m2\repository\org\glassfish\hk2\osgi-resource-locator\1.0.3\osgi-resource-locator-1.0.3.jar;C:\Users\aletr\.m2\repository\org\glassfish\hk2\external\aopalliance-repackaged\3.0.1\aopalliance-repackaged-3.0.1.jar;C:\Users\aletr\.m2\repository\org\glassfish\jersey\core\jersey-client\3.0.2\jersey-client-3.0.2.jar;C:\Users\aletr\.m2\repository\org\glassfish\jersey\inject\jersey-hk2\3.0.2\jersey-hk2-3.0.2.jar;C:\Users\aletr\.m2\repository\org\glassfish\jersey\media\jersey-media-json-binding\3.0.2\jersey-media-json-binding-3.0.2.jar;C:\Users\aletr\.m2\repository\org\glassfish\jersey\media\jersey-media-multipart\3.0.2\jersey-media-multipart-3.0.2.jar;C:\Users\aletr\.m2\repository\org\jvnet\mimepull\mimepull\1.9.13\mimepull-1.9.13.jar;C:\Users\aletr\.m2\repository\org\openjfx\javafx-base\23-ea+3\javafx-base-23-ea+3.jar;C:\Users\aletr\.m2\repository\org\openjfx\javafx-controls\21.0.2\javafx-controls-21.0.2.jar;C:\Users\aletr\.m2\repository\org\openjfx\javafx-fxml\21.0.2\javafx-fxml-21.0.2.jar;C:\Users\aletr\.m2\repository\org\openjfx\javafx-graphics\23-ea+3\javafx-graphics-23-ea+3.jar;C:\Users\aletr\.m2\repository\org\openjfx\javafx-media\24-ea+5\javafx-media-24-ea+5.jar;C:\Users\aletr\.m2\repository\org\openjfx\javafx-swing\23-ea+3\javafx-swing-23-ea+3.jar;C:\Users\aletr\.m2\repository\org\openjfx\javafx-web\21\javafx-web-21.jar;C:\Users\aletr\.m2\repository\org\slf4j\slf4j-api\1.7.2\slf4j-api-1.7.2.jar
Launcher Type: SUN_STANDARD

[Global flags]
     intx CICompilerCount                          = 4                                         {product} {ergonomic}
     uint ConcGCThreads                            = 3                                         {product} {ergonomic}
     uint G1ConcRefinementThreads                  = 10                                        {product} {ergonomic}
   size_t G1HeapRegionSize                         = 2097152                                   {product} {ergonomic}
    uintx GCDrainStackTargetSize                   = 64                                        {product} {ergonomic}
   size_t InitialHeapSize                          = 268435456                                 {product} {ergonomic}
   size_t MarkStackSize                            = 4194304                                   {product} {ergonomic}
   size_t MaxHeapSize                              = 4278190080                                {product} {ergonomic}
   size_t MaxNewSize                               = 2566914048                                {product} {ergonomic}
   size_t MinHeapDeltaBytes                        = 2097152                                   {product} {ergonomic}
   size_t MinHeapSize                              = 8388608                                   {product} {ergonomic}
    uintx NonNMethodCodeHeapSize                   = 5839372                                {pd product} {ergonomic}
    uintx NonProfiledCodeHeapSize                  = 122909434                              {pd product} {ergonomic}
    uintx ProfiledCodeHeapSize                     = 122909434                              {pd product} {ergonomic}
    uintx ReservedCodeCacheSize                    = 251658240                              {pd product} {ergonomic}
     bool SegmentedCodeCache                       = true                                      {product} {ergonomic}
   size_t SoftMaxHeapSize                          = 4278190080                             {manageable} {ergonomic}
     bool UseCompressedOops                        = true                           {product lp64_product} {ergonomic}
     bool UseG1GC                                  = true                                      {product} {ergonomic}
     bool UseLargePagesIndividualAllocation        = false                                  {pd product} {ergonomic}

Logging:
Log output configuration:
 #0: stdout all=warning uptime,level,tags foldmultilines=false
 #1: stderr all=off uptime,level,tags foldmultilines=false

Environment Variables:
PATH=C:\Users\aletr\bin;C:\Program Files\Git\mingw64\bin;C:\Program Files\Git\usr\local\bin;C:\Program Files\Git\usr\bin;C:\Program Files\Git\usr\bin;C:\Program Files\Git\mingw64\bin;C:\Program Files\Git\usr\bin;C:\Users\aletr\bin;C:\Program Files\Python313\Scripts;C:\Program Files\Python313;C:\Program Files\Common Files\Oracle\Java\javapath;C:\Windows\system32;C:\Windows;C:\Windows\System32\Wbem;C:\Windows\System32\WindowsPowerShell\v1.0;C:\Windows\System32\OpenSSH;C:\Program Files\Git\cmd;C:\Program Files\Docker\Docker\resources\bin;C:\Users\aletr\Documents\Resources\apache-maven-3.9.9-bin\apache-maven-3.9.9\bin;C:\msys64\ucrt64\bin;C:\Strawberry\c\bin;C:\Strawberry\perl\site\bin;C:\Strawberry\perl\bin;C:\Users\aletr\AppData\Local\Programs\Python\Launcher;C:\Users\aletr\AppData\Local\Microsoft\WindowsApps;C:\Users\aletr\AppData\Local\Programs\Microsoft VS Code\bin;C:\Users\aletr\AppData\Local\Programs\MiKTeX\miktex\bin\x64;C:\Program Files\Git\usr\bin\vendor_perl;C:\Program Files\Git\usr\bin\core_perl
USERNAME=aletr
SHELL=C:\Program Files\Git\usr\bin\bash.exe
DISPLAY=needs-to-be-defined
LANG=en_US.UTF-8
TERM=xterm-256color
TMPDIR=C:\Users\aletr\AppData\Local\Temp
OS=Windows_NT
PROCESSOR_IDENTIFIER=AMD64 Family 23 Model 113 Stepping 0, AuthenticAMD
TMP=C:\Users\aletr\AppData\Local\Temp
TEMP=C:\Users\aletr\AppData\Local\Temp




Periodic native trim disabled

---------------  S Y S T E M  ---------------

OS:
 Windows 11 , 64 bit Build 26100 (10.0.26100.1882)
OS uptime: 2 days 3:08 hours
Hyper-V role detected

CPU: total 12 (initial active 12) (12 cores per cpu, 2 threads per core) family 23 model 113 stepping 0 microcode 0x8701013, cx8, cmov, fxsr, ht, mmx, 3dnowpref, sse, sse2, sse3, ssse3, sse4a, sse4.1, sse4.2, popcnt, lzcnt, tsc, tscinvbit, avx, avx2, aes, clmul, bmi1, bmi2, adx, sha, fma, vzeroupper, clflush, clflushopt, hv, rdtscp, rdpid, f16c
Processor Information for all 12 processors :
  Max Mhz: 3600, Current Mhz: 3600, Mhz Limit: 3600

Memory: 4k page, system-wide physical 16313M (1382M free)
TotalPageFile size 31385M (AvailPageFile size 12M)
current process WorkingSet (physical memory assigned to process): 161M, peak: 161M
current process commit charge ("private bytes"): 416M, peak: 417M

vm_info: Java HotSpot(TM) 64-Bit Server VM (21.0.4+8-LTS-274) for windows-amd64 JRE (21.0.4+8-LTS-274), built on 2024-06-05T05:23:33Z by "mach5one" with MS VC++ 17.6 (VS2022)

END.
